#! /usr/bin/vvp
:ivl_version "10.3 (stable)";
:ivl_delay_selection "TYPICAL";
:vpi_time_precision + 0;
:vpi_module "system";
:vpi_module "vhdl_sys";
:vpi_module "v2005_math";
:vpi_module "va_math";
S_0x55a330599120 .scope module, "instruction_memory" "instruction_memory" 2 2;
 .timescale 0 0;
    .port_info 0 /INPUT 10 "address"
    .port_info 1 /OUTPUT 16 "instruction"
o0x7f363cc8c018 .functor BUFZ 10, C4<zzzzzzzzzz>; HiZ drive
v0x55a3305992a0_0 .net "address", 9 0, o0x7f363cc8c018;  0 drivers
v0x55a330600450_0 .var "instruction", 15 0;
v0x55a330600530 .array "memory", 1023 0, 15 0;
v0x55a330600530_0 .array/port v0x55a330600530, 0;
v0x55a330600530_1 .array/port v0x55a330600530, 1;
v0x55a330600530_2 .array/port v0x55a330600530, 2;
E_0x55a3305ce930/0 .event edge, v0x55a3305992a0_0, v0x55a330600530_0, v0x55a330600530_1, v0x55a330600530_2;
v0x55a330600530_3 .array/port v0x55a330600530, 3;
v0x55a330600530_4 .array/port v0x55a330600530, 4;
v0x55a330600530_5 .array/port v0x55a330600530, 5;
v0x55a330600530_6 .array/port v0x55a330600530, 6;
E_0x55a3305ce930/1 .event edge, v0x55a330600530_3, v0x55a330600530_4, v0x55a330600530_5, v0x55a330600530_6;
v0x55a330600530_7 .array/port v0x55a330600530, 7;
v0x55a330600530_8 .array/port v0x55a330600530, 8;
v0x55a330600530_9 .array/port v0x55a330600530, 9;
v0x55a330600530_10 .array/port v0x55a330600530, 10;
E_0x55a3305ce930/2 .event edge, v0x55a330600530_7, v0x55a330600530_8, v0x55a330600530_9, v0x55a330600530_10;
v0x55a330600530_11 .array/port v0x55a330600530, 11;
v0x55a330600530_12 .array/port v0x55a330600530, 12;
v0x55a330600530_13 .array/port v0x55a330600530, 13;
v0x55a330600530_14 .array/port v0x55a330600530, 14;
E_0x55a3305ce930/3 .event edge, v0x55a330600530_11, v0x55a330600530_12, v0x55a330600530_13, v0x55a330600530_14;
v0x55a330600530_15 .array/port v0x55a330600530, 15;
v0x55a330600530_16 .array/port v0x55a330600530, 16;
v0x55a330600530_17 .array/port v0x55a330600530, 17;
v0x55a330600530_18 .array/port v0x55a330600530, 18;
E_0x55a3305ce930/4 .event edge, v0x55a330600530_15, v0x55a330600530_16, v0x55a330600530_17, v0x55a330600530_18;
v0x55a330600530_19 .array/port v0x55a330600530, 19;
v0x55a330600530_20 .array/port v0x55a330600530, 20;
v0x55a330600530_21 .array/port v0x55a330600530, 21;
v0x55a330600530_22 .array/port v0x55a330600530, 22;
E_0x55a3305ce930/5 .event edge, v0x55a330600530_19, v0x55a330600530_20, v0x55a330600530_21, v0x55a330600530_22;
v0x55a330600530_23 .array/port v0x55a330600530, 23;
v0x55a330600530_24 .array/port v0x55a330600530, 24;
v0x55a330600530_25 .array/port v0x55a330600530, 25;
v0x55a330600530_26 .array/port v0x55a330600530, 26;
E_0x55a3305ce930/6 .event edge, v0x55a330600530_23, v0x55a330600530_24, v0x55a330600530_25, v0x55a330600530_26;
v0x55a330600530_27 .array/port v0x55a330600530, 27;
v0x55a330600530_28 .array/port v0x55a330600530, 28;
v0x55a330600530_29 .array/port v0x55a330600530, 29;
v0x55a330600530_30 .array/port v0x55a330600530, 30;
E_0x55a3305ce930/7 .event edge, v0x55a330600530_27, v0x55a330600530_28, v0x55a330600530_29, v0x55a330600530_30;
v0x55a330600530_31 .array/port v0x55a330600530, 31;
v0x55a330600530_32 .array/port v0x55a330600530, 32;
v0x55a330600530_33 .array/port v0x55a330600530, 33;
v0x55a330600530_34 .array/port v0x55a330600530, 34;
E_0x55a3305ce930/8 .event edge, v0x55a330600530_31, v0x55a330600530_32, v0x55a330600530_33, v0x55a330600530_34;
v0x55a330600530_35 .array/port v0x55a330600530, 35;
v0x55a330600530_36 .array/port v0x55a330600530, 36;
v0x55a330600530_37 .array/port v0x55a330600530, 37;
v0x55a330600530_38 .array/port v0x55a330600530, 38;
E_0x55a3305ce930/9 .event edge, v0x55a330600530_35, v0x55a330600530_36, v0x55a330600530_37, v0x55a330600530_38;
v0x55a330600530_39 .array/port v0x55a330600530, 39;
v0x55a330600530_40 .array/port v0x55a330600530, 40;
v0x55a330600530_41 .array/port v0x55a330600530, 41;
v0x55a330600530_42 .array/port v0x55a330600530, 42;
E_0x55a3305ce930/10 .event edge, v0x55a330600530_39, v0x55a330600530_40, v0x55a330600530_41, v0x55a330600530_42;
v0x55a330600530_43 .array/port v0x55a330600530, 43;
v0x55a330600530_44 .array/port v0x55a330600530, 44;
v0x55a330600530_45 .array/port v0x55a330600530, 45;
v0x55a330600530_46 .array/port v0x55a330600530, 46;
E_0x55a3305ce930/11 .event edge, v0x55a330600530_43, v0x55a330600530_44, v0x55a330600530_45, v0x55a330600530_46;
v0x55a330600530_47 .array/port v0x55a330600530, 47;
v0x55a330600530_48 .array/port v0x55a330600530, 48;
v0x55a330600530_49 .array/port v0x55a330600530, 49;
v0x55a330600530_50 .array/port v0x55a330600530, 50;
E_0x55a3305ce930/12 .event edge, v0x55a330600530_47, v0x55a330600530_48, v0x55a330600530_49, v0x55a330600530_50;
v0x55a330600530_51 .array/port v0x55a330600530, 51;
v0x55a330600530_52 .array/port v0x55a330600530, 52;
v0x55a330600530_53 .array/port v0x55a330600530, 53;
v0x55a330600530_54 .array/port v0x55a330600530, 54;
E_0x55a3305ce930/13 .event edge, v0x55a330600530_51, v0x55a330600530_52, v0x55a330600530_53, v0x55a330600530_54;
v0x55a330600530_55 .array/port v0x55a330600530, 55;
v0x55a330600530_56 .array/port v0x55a330600530, 56;
v0x55a330600530_57 .array/port v0x55a330600530, 57;
v0x55a330600530_58 .array/port v0x55a330600530, 58;
E_0x55a3305ce930/14 .event edge, v0x55a330600530_55, v0x55a330600530_56, v0x55a330600530_57, v0x55a330600530_58;
v0x55a330600530_59 .array/port v0x55a330600530, 59;
v0x55a330600530_60 .array/port v0x55a330600530, 60;
v0x55a330600530_61 .array/port v0x55a330600530, 61;
v0x55a330600530_62 .array/port v0x55a330600530, 62;
E_0x55a3305ce930/15 .event edge, v0x55a330600530_59, v0x55a330600530_60, v0x55a330600530_61, v0x55a330600530_62;
v0x55a330600530_63 .array/port v0x55a330600530, 63;
v0x55a330600530_64 .array/port v0x55a330600530, 64;
v0x55a330600530_65 .array/port v0x55a330600530, 65;
v0x55a330600530_66 .array/port v0x55a330600530, 66;
E_0x55a3305ce930/16 .event edge, v0x55a330600530_63, v0x55a330600530_64, v0x55a330600530_65, v0x55a330600530_66;
v0x55a330600530_67 .array/port v0x55a330600530, 67;
v0x55a330600530_68 .array/port v0x55a330600530, 68;
v0x55a330600530_69 .array/port v0x55a330600530, 69;
v0x55a330600530_70 .array/port v0x55a330600530, 70;
E_0x55a3305ce930/17 .event edge, v0x55a330600530_67, v0x55a330600530_68, v0x55a330600530_69, v0x55a330600530_70;
v0x55a330600530_71 .array/port v0x55a330600530, 71;
v0x55a330600530_72 .array/port v0x55a330600530, 72;
v0x55a330600530_73 .array/port v0x55a330600530, 73;
v0x55a330600530_74 .array/port v0x55a330600530, 74;
E_0x55a3305ce930/18 .event edge, v0x55a330600530_71, v0x55a330600530_72, v0x55a330600530_73, v0x55a330600530_74;
v0x55a330600530_75 .array/port v0x55a330600530, 75;
v0x55a330600530_76 .array/port v0x55a330600530, 76;
v0x55a330600530_77 .array/port v0x55a330600530, 77;
v0x55a330600530_78 .array/port v0x55a330600530, 78;
E_0x55a3305ce930/19 .event edge, v0x55a330600530_75, v0x55a330600530_76, v0x55a330600530_77, v0x55a330600530_78;
v0x55a330600530_79 .array/port v0x55a330600530, 79;
v0x55a330600530_80 .array/port v0x55a330600530, 80;
v0x55a330600530_81 .array/port v0x55a330600530, 81;
v0x55a330600530_82 .array/port v0x55a330600530, 82;
E_0x55a3305ce930/20 .event edge, v0x55a330600530_79, v0x55a330600530_80, v0x55a330600530_81, v0x55a330600530_82;
v0x55a330600530_83 .array/port v0x55a330600530, 83;
v0x55a330600530_84 .array/port v0x55a330600530, 84;
v0x55a330600530_85 .array/port v0x55a330600530, 85;
v0x55a330600530_86 .array/port v0x55a330600530, 86;
E_0x55a3305ce930/21 .event edge, v0x55a330600530_83, v0x55a330600530_84, v0x55a330600530_85, v0x55a330600530_86;
v0x55a330600530_87 .array/port v0x55a330600530, 87;
v0x55a330600530_88 .array/port v0x55a330600530, 88;
v0x55a330600530_89 .array/port v0x55a330600530, 89;
v0x55a330600530_90 .array/port v0x55a330600530, 90;
E_0x55a3305ce930/22 .event edge, v0x55a330600530_87, v0x55a330600530_88, v0x55a330600530_89, v0x55a330600530_90;
v0x55a330600530_91 .array/port v0x55a330600530, 91;
v0x55a330600530_92 .array/port v0x55a330600530, 92;
v0x55a330600530_93 .array/port v0x55a330600530, 93;
v0x55a330600530_94 .array/port v0x55a330600530, 94;
E_0x55a3305ce930/23 .event edge, v0x55a330600530_91, v0x55a330600530_92, v0x55a330600530_93, v0x55a330600530_94;
v0x55a330600530_95 .array/port v0x55a330600530, 95;
v0x55a330600530_96 .array/port v0x55a330600530, 96;
v0x55a330600530_97 .array/port v0x55a330600530, 97;
v0x55a330600530_98 .array/port v0x55a330600530, 98;
E_0x55a3305ce930/24 .event edge, v0x55a330600530_95, v0x55a330600530_96, v0x55a330600530_97, v0x55a330600530_98;
v0x55a330600530_99 .array/port v0x55a330600530, 99;
v0x55a330600530_100 .array/port v0x55a330600530, 100;
v0x55a330600530_101 .array/port v0x55a330600530, 101;
v0x55a330600530_102 .array/port v0x55a330600530, 102;
E_0x55a3305ce930/25 .event edge, v0x55a330600530_99, v0x55a330600530_100, v0x55a330600530_101, v0x55a330600530_102;
v0x55a330600530_103 .array/port v0x55a330600530, 103;
v0x55a330600530_104 .array/port v0x55a330600530, 104;
v0x55a330600530_105 .array/port v0x55a330600530, 105;
v0x55a330600530_106 .array/port v0x55a330600530, 106;
E_0x55a3305ce930/26 .event edge, v0x55a330600530_103, v0x55a330600530_104, v0x55a330600530_105, v0x55a330600530_106;
v0x55a330600530_107 .array/port v0x55a330600530, 107;
v0x55a330600530_108 .array/port v0x55a330600530, 108;
v0x55a330600530_109 .array/port v0x55a330600530, 109;
v0x55a330600530_110 .array/port v0x55a330600530, 110;
E_0x55a3305ce930/27 .event edge, v0x55a330600530_107, v0x55a330600530_108, v0x55a330600530_109, v0x55a330600530_110;
v0x55a330600530_111 .array/port v0x55a330600530, 111;
v0x55a330600530_112 .array/port v0x55a330600530, 112;
v0x55a330600530_113 .array/port v0x55a330600530, 113;
v0x55a330600530_114 .array/port v0x55a330600530, 114;
E_0x55a3305ce930/28 .event edge, v0x55a330600530_111, v0x55a330600530_112, v0x55a330600530_113, v0x55a330600530_114;
v0x55a330600530_115 .array/port v0x55a330600530, 115;
v0x55a330600530_116 .array/port v0x55a330600530, 116;
v0x55a330600530_117 .array/port v0x55a330600530, 117;
v0x55a330600530_118 .array/port v0x55a330600530, 118;
E_0x55a3305ce930/29 .event edge, v0x55a330600530_115, v0x55a330600530_116, v0x55a330600530_117, v0x55a330600530_118;
v0x55a330600530_119 .array/port v0x55a330600530, 119;
v0x55a330600530_120 .array/port v0x55a330600530, 120;
v0x55a330600530_121 .array/port v0x55a330600530, 121;
v0x55a330600530_122 .array/port v0x55a330600530, 122;
E_0x55a3305ce930/30 .event edge, v0x55a330600530_119, v0x55a330600530_120, v0x55a330600530_121, v0x55a330600530_122;
v0x55a330600530_123 .array/port v0x55a330600530, 123;
v0x55a330600530_124 .array/port v0x55a330600530, 124;
v0x55a330600530_125 .array/port v0x55a330600530, 125;
v0x55a330600530_126 .array/port v0x55a330600530, 126;
E_0x55a3305ce930/31 .event edge, v0x55a330600530_123, v0x55a330600530_124, v0x55a330600530_125, v0x55a330600530_126;
v0x55a330600530_127 .array/port v0x55a330600530, 127;
v0x55a330600530_128 .array/port v0x55a330600530, 128;
v0x55a330600530_129 .array/port v0x55a330600530, 129;
v0x55a330600530_130 .array/port v0x55a330600530, 130;
E_0x55a3305ce930/32 .event edge, v0x55a330600530_127, v0x55a330600530_128, v0x55a330600530_129, v0x55a330600530_130;
v0x55a330600530_131 .array/port v0x55a330600530, 131;
v0x55a330600530_132 .array/port v0x55a330600530, 132;
v0x55a330600530_133 .array/port v0x55a330600530, 133;
v0x55a330600530_134 .array/port v0x55a330600530, 134;
E_0x55a3305ce930/33 .event edge, v0x55a330600530_131, v0x55a330600530_132, v0x55a330600530_133, v0x55a330600530_134;
v0x55a330600530_135 .array/port v0x55a330600530, 135;
v0x55a330600530_136 .array/port v0x55a330600530, 136;
v0x55a330600530_137 .array/port v0x55a330600530, 137;
v0x55a330600530_138 .array/port v0x55a330600530, 138;
E_0x55a3305ce930/34 .event edge, v0x55a330600530_135, v0x55a330600530_136, v0x55a330600530_137, v0x55a330600530_138;
v0x55a330600530_139 .array/port v0x55a330600530, 139;
v0x55a330600530_140 .array/port v0x55a330600530, 140;
v0x55a330600530_141 .array/port v0x55a330600530, 141;
v0x55a330600530_142 .array/port v0x55a330600530, 142;
E_0x55a3305ce930/35 .event edge, v0x55a330600530_139, v0x55a330600530_140, v0x55a330600530_141, v0x55a330600530_142;
v0x55a330600530_143 .array/port v0x55a330600530, 143;
v0x55a330600530_144 .array/port v0x55a330600530, 144;
v0x55a330600530_145 .array/port v0x55a330600530, 145;
v0x55a330600530_146 .array/port v0x55a330600530, 146;
E_0x55a3305ce930/36 .event edge, v0x55a330600530_143, v0x55a330600530_144, v0x55a330600530_145, v0x55a330600530_146;
v0x55a330600530_147 .array/port v0x55a330600530, 147;
v0x55a330600530_148 .array/port v0x55a330600530, 148;
v0x55a330600530_149 .array/port v0x55a330600530, 149;
v0x55a330600530_150 .array/port v0x55a330600530, 150;
E_0x55a3305ce930/37 .event edge, v0x55a330600530_147, v0x55a330600530_148, v0x55a330600530_149, v0x55a330600530_150;
v0x55a330600530_151 .array/port v0x55a330600530, 151;
v0x55a330600530_152 .array/port v0x55a330600530, 152;
v0x55a330600530_153 .array/port v0x55a330600530, 153;
v0x55a330600530_154 .array/port v0x55a330600530, 154;
E_0x55a3305ce930/38 .event edge, v0x55a330600530_151, v0x55a330600530_152, v0x55a330600530_153, v0x55a330600530_154;
v0x55a330600530_155 .array/port v0x55a330600530, 155;
v0x55a330600530_156 .array/port v0x55a330600530, 156;
v0x55a330600530_157 .array/port v0x55a330600530, 157;
v0x55a330600530_158 .array/port v0x55a330600530, 158;
E_0x55a3305ce930/39 .event edge, v0x55a330600530_155, v0x55a330600530_156, v0x55a330600530_157, v0x55a330600530_158;
v0x55a330600530_159 .array/port v0x55a330600530, 159;
v0x55a330600530_160 .array/port v0x55a330600530, 160;
v0x55a330600530_161 .array/port v0x55a330600530, 161;
v0x55a330600530_162 .array/port v0x55a330600530, 162;
E_0x55a3305ce930/40 .event edge, v0x55a330600530_159, v0x55a330600530_160, v0x55a330600530_161, v0x55a330600530_162;
v0x55a330600530_163 .array/port v0x55a330600530, 163;
v0x55a330600530_164 .array/port v0x55a330600530, 164;
v0x55a330600530_165 .array/port v0x55a330600530, 165;
v0x55a330600530_166 .array/port v0x55a330600530, 166;
E_0x55a3305ce930/41 .event edge, v0x55a330600530_163, v0x55a330600530_164, v0x55a330600530_165, v0x55a330600530_166;
v0x55a330600530_167 .array/port v0x55a330600530, 167;
v0x55a330600530_168 .array/port v0x55a330600530, 168;
v0x55a330600530_169 .array/port v0x55a330600530, 169;
v0x55a330600530_170 .array/port v0x55a330600530, 170;
E_0x55a3305ce930/42 .event edge, v0x55a330600530_167, v0x55a330600530_168, v0x55a330600530_169, v0x55a330600530_170;
v0x55a330600530_171 .array/port v0x55a330600530, 171;
v0x55a330600530_172 .array/port v0x55a330600530, 172;
v0x55a330600530_173 .array/port v0x55a330600530, 173;
v0x55a330600530_174 .array/port v0x55a330600530, 174;
E_0x55a3305ce930/43 .event edge, v0x55a330600530_171, v0x55a330600530_172, v0x55a330600530_173, v0x55a330600530_174;
v0x55a330600530_175 .array/port v0x55a330600530, 175;
v0x55a330600530_176 .array/port v0x55a330600530, 176;
v0x55a330600530_177 .array/port v0x55a330600530, 177;
v0x55a330600530_178 .array/port v0x55a330600530, 178;
E_0x55a3305ce930/44 .event edge, v0x55a330600530_175, v0x55a330600530_176, v0x55a330600530_177, v0x55a330600530_178;
v0x55a330600530_179 .array/port v0x55a330600530, 179;
v0x55a330600530_180 .array/port v0x55a330600530, 180;
v0x55a330600530_181 .array/port v0x55a330600530, 181;
v0x55a330600530_182 .array/port v0x55a330600530, 182;
E_0x55a3305ce930/45 .event edge, v0x55a330600530_179, v0x55a330600530_180, v0x55a330600530_181, v0x55a330600530_182;
v0x55a330600530_183 .array/port v0x55a330600530, 183;
v0x55a330600530_184 .array/port v0x55a330600530, 184;
v0x55a330600530_185 .array/port v0x55a330600530, 185;
v0x55a330600530_186 .array/port v0x55a330600530, 186;
E_0x55a3305ce930/46 .event edge, v0x55a330600530_183, v0x55a330600530_184, v0x55a330600530_185, v0x55a330600530_186;
v0x55a330600530_187 .array/port v0x55a330600530, 187;
v0x55a330600530_188 .array/port v0x55a330600530, 188;
v0x55a330600530_189 .array/port v0x55a330600530, 189;
v0x55a330600530_190 .array/port v0x55a330600530, 190;
E_0x55a3305ce930/47 .event edge, v0x55a330600530_187, v0x55a330600530_188, v0x55a330600530_189, v0x55a330600530_190;
v0x55a330600530_191 .array/port v0x55a330600530, 191;
v0x55a330600530_192 .array/port v0x55a330600530, 192;
v0x55a330600530_193 .array/port v0x55a330600530, 193;
v0x55a330600530_194 .array/port v0x55a330600530, 194;
E_0x55a3305ce930/48 .event edge, v0x55a330600530_191, v0x55a330600530_192, v0x55a330600530_193, v0x55a330600530_194;
v0x55a330600530_195 .array/port v0x55a330600530, 195;
v0x55a330600530_196 .array/port v0x55a330600530, 196;
v0x55a330600530_197 .array/port v0x55a330600530, 197;
v0x55a330600530_198 .array/port v0x55a330600530, 198;
E_0x55a3305ce930/49 .event edge, v0x55a330600530_195, v0x55a330600530_196, v0x55a330600530_197, v0x55a330600530_198;
v0x55a330600530_199 .array/port v0x55a330600530, 199;
v0x55a330600530_200 .array/port v0x55a330600530, 200;
v0x55a330600530_201 .array/port v0x55a330600530, 201;
v0x55a330600530_202 .array/port v0x55a330600530, 202;
E_0x55a3305ce930/50 .event edge, v0x55a330600530_199, v0x55a330600530_200, v0x55a330600530_201, v0x55a330600530_202;
v0x55a330600530_203 .array/port v0x55a330600530, 203;
v0x55a330600530_204 .array/port v0x55a330600530, 204;
v0x55a330600530_205 .array/port v0x55a330600530, 205;
v0x55a330600530_206 .array/port v0x55a330600530, 206;
E_0x55a3305ce930/51 .event edge, v0x55a330600530_203, v0x55a330600530_204, v0x55a330600530_205, v0x55a330600530_206;
v0x55a330600530_207 .array/port v0x55a330600530, 207;
v0x55a330600530_208 .array/port v0x55a330600530, 208;
v0x55a330600530_209 .array/port v0x55a330600530, 209;
v0x55a330600530_210 .array/port v0x55a330600530, 210;
E_0x55a3305ce930/52 .event edge, v0x55a330600530_207, v0x55a330600530_208, v0x55a330600530_209, v0x55a330600530_210;
v0x55a330600530_211 .array/port v0x55a330600530, 211;
v0x55a330600530_212 .array/port v0x55a330600530, 212;
v0x55a330600530_213 .array/port v0x55a330600530, 213;
v0x55a330600530_214 .array/port v0x55a330600530, 214;
E_0x55a3305ce930/53 .event edge, v0x55a330600530_211, v0x55a330600530_212, v0x55a330600530_213, v0x55a330600530_214;
v0x55a330600530_215 .array/port v0x55a330600530, 215;
v0x55a330600530_216 .array/port v0x55a330600530, 216;
v0x55a330600530_217 .array/port v0x55a330600530, 217;
v0x55a330600530_218 .array/port v0x55a330600530, 218;
E_0x55a3305ce930/54 .event edge, v0x55a330600530_215, v0x55a330600530_216, v0x55a330600530_217, v0x55a330600530_218;
v0x55a330600530_219 .array/port v0x55a330600530, 219;
v0x55a330600530_220 .array/port v0x55a330600530, 220;
v0x55a330600530_221 .array/port v0x55a330600530, 221;
v0x55a330600530_222 .array/port v0x55a330600530, 222;
E_0x55a3305ce930/55 .event edge, v0x55a330600530_219, v0x55a330600530_220, v0x55a330600530_221, v0x55a330600530_222;
v0x55a330600530_223 .array/port v0x55a330600530, 223;
v0x55a330600530_224 .array/port v0x55a330600530, 224;
v0x55a330600530_225 .array/port v0x55a330600530, 225;
v0x55a330600530_226 .array/port v0x55a330600530, 226;
E_0x55a3305ce930/56 .event edge, v0x55a330600530_223, v0x55a330600530_224, v0x55a330600530_225, v0x55a330600530_226;
v0x55a330600530_227 .array/port v0x55a330600530, 227;
v0x55a330600530_228 .array/port v0x55a330600530, 228;
v0x55a330600530_229 .array/port v0x55a330600530, 229;
v0x55a330600530_230 .array/port v0x55a330600530, 230;
E_0x55a3305ce930/57 .event edge, v0x55a330600530_227, v0x55a330600530_228, v0x55a330600530_229, v0x55a330600530_230;
v0x55a330600530_231 .array/port v0x55a330600530, 231;
v0x55a330600530_232 .array/port v0x55a330600530, 232;
v0x55a330600530_233 .array/port v0x55a330600530, 233;
v0x55a330600530_234 .array/port v0x55a330600530, 234;
E_0x55a3305ce930/58 .event edge, v0x55a330600530_231, v0x55a330600530_232, v0x55a330600530_233, v0x55a330600530_234;
v0x55a330600530_235 .array/port v0x55a330600530, 235;
v0x55a330600530_236 .array/port v0x55a330600530, 236;
v0x55a330600530_237 .array/port v0x55a330600530, 237;
v0x55a330600530_238 .array/port v0x55a330600530, 238;
E_0x55a3305ce930/59 .event edge, v0x55a330600530_235, v0x55a330600530_236, v0x55a330600530_237, v0x55a330600530_238;
v0x55a330600530_239 .array/port v0x55a330600530, 239;
v0x55a330600530_240 .array/port v0x55a330600530, 240;
v0x55a330600530_241 .array/port v0x55a330600530, 241;
v0x55a330600530_242 .array/port v0x55a330600530, 242;
E_0x55a3305ce930/60 .event edge, v0x55a330600530_239, v0x55a330600530_240, v0x55a330600530_241, v0x55a330600530_242;
v0x55a330600530_243 .array/port v0x55a330600530, 243;
v0x55a330600530_244 .array/port v0x55a330600530, 244;
v0x55a330600530_245 .array/port v0x55a330600530, 245;
v0x55a330600530_246 .array/port v0x55a330600530, 246;
E_0x55a3305ce930/61 .event edge, v0x55a330600530_243, v0x55a330600530_244, v0x55a330600530_245, v0x55a330600530_246;
v0x55a330600530_247 .array/port v0x55a330600530, 247;
v0x55a330600530_248 .array/port v0x55a330600530, 248;
v0x55a330600530_249 .array/port v0x55a330600530, 249;
v0x55a330600530_250 .array/port v0x55a330600530, 250;
E_0x55a3305ce930/62 .event edge, v0x55a330600530_247, v0x55a330600530_248, v0x55a330600530_249, v0x55a330600530_250;
v0x55a330600530_251 .array/port v0x55a330600530, 251;
v0x55a330600530_252 .array/port v0x55a330600530, 252;
v0x55a330600530_253 .array/port v0x55a330600530, 253;
v0x55a330600530_254 .array/port v0x55a330600530, 254;
E_0x55a3305ce930/63 .event edge, v0x55a330600530_251, v0x55a330600530_252, v0x55a330600530_253, v0x55a330600530_254;
v0x55a330600530_255 .array/port v0x55a330600530, 255;
v0x55a330600530_256 .array/port v0x55a330600530, 256;
v0x55a330600530_257 .array/port v0x55a330600530, 257;
v0x55a330600530_258 .array/port v0x55a330600530, 258;
E_0x55a3305ce930/64 .event edge, v0x55a330600530_255, v0x55a330600530_256, v0x55a330600530_257, v0x55a330600530_258;
v0x55a330600530_259 .array/port v0x55a330600530, 259;
v0x55a330600530_260 .array/port v0x55a330600530, 260;
v0x55a330600530_261 .array/port v0x55a330600530, 261;
v0x55a330600530_262 .array/port v0x55a330600530, 262;
E_0x55a3305ce930/65 .event edge, v0x55a330600530_259, v0x55a330600530_260, v0x55a330600530_261, v0x55a330600530_262;
v0x55a330600530_263 .array/port v0x55a330600530, 263;
v0x55a330600530_264 .array/port v0x55a330600530, 264;
v0x55a330600530_265 .array/port v0x55a330600530, 265;
v0x55a330600530_266 .array/port v0x55a330600530, 266;
E_0x55a3305ce930/66 .event edge, v0x55a330600530_263, v0x55a330600530_264, v0x55a330600530_265, v0x55a330600530_266;
v0x55a330600530_267 .array/port v0x55a330600530, 267;
v0x55a330600530_268 .array/port v0x55a330600530, 268;
v0x55a330600530_269 .array/port v0x55a330600530, 269;
v0x55a330600530_270 .array/port v0x55a330600530, 270;
E_0x55a3305ce930/67 .event edge, v0x55a330600530_267, v0x55a330600530_268, v0x55a330600530_269, v0x55a330600530_270;
v0x55a330600530_271 .array/port v0x55a330600530, 271;
v0x55a330600530_272 .array/port v0x55a330600530, 272;
v0x55a330600530_273 .array/port v0x55a330600530, 273;
v0x55a330600530_274 .array/port v0x55a330600530, 274;
E_0x55a3305ce930/68 .event edge, v0x55a330600530_271, v0x55a330600530_272, v0x55a330600530_273, v0x55a330600530_274;
v0x55a330600530_275 .array/port v0x55a330600530, 275;
v0x55a330600530_276 .array/port v0x55a330600530, 276;
v0x55a330600530_277 .array/port v0x55a330600530, 277;
v0x55a330600530_278 .array/port v0x55a330600530, 278;
E_0x55a3305ce930/69 .event edge, v0x55a330600530_275, v0x55a330600530_276, v0x55a330600530_277, v0x55a330600530_278;
v0x55a330600530_279 .array/port v0x55a330600530, 279;
v0x55a330600530_280 .array/port v0x55a330600530, 280;
v0x55a330600530_281 .array/port v0x55a330600530, 281;
v0x55a330600530_282 .array/port v0x55a330600530, 282;
E_0x55a3305ce930/70 .event edge, v0x55a330600530_279, v0x55a330600530_280, v0x55a330600530_281, v0x55a330600530_282;
v0x55a330600530_283 .array/port v0x55a330600530, 283;
v0x55a330600530_284 .array/port v0x55a330600530, 284;
v0x55a330600530_285 .array/port v0x55a330600530, 285;
v0x55a330600530_286 .array/port v0x55a330600530, 286;
E_0x55a3305ce930/71 .event edge, v0x55a330600530_283, v0x55a330600530_284, v0x55a330600530_285, v0x55a330600530_286;
v0x55a330600530_287 .array/port v0x55a330600530, 287;
v0x55a330600530_288 .array/port v0x55a330600530, 288;
v0x55a330600530_289 .array/port v0x55a330600530, 289;
v0x55a330600530_290 .array/port v0x55a330600530, 290;
E_0x55a3305ce930/72 .event edge, v0x55a330600530_287, v0x55a330600530_288, v0x55a330600530_289, v0x55a330600530_290;
v0x55a330600530_291 .array/port v0x55a330600530, 291;
v0x55a330600530_292 .array/port v0x55a330600530, 292;
v0x55a330600530_293 .array/port v0x55a330600530, 293;
v0x55a330600530_294 .array/port v0x55a330600530, 294;
E_0x55a3305ce930/73 .event edge, v0x55a330600530_291, v0x55a330600530_292, v0x55a330600530_293, v0x55a330600530_294;
v0x55a330600530_295 .array/port v0x55a330600530, 295;
v0x55a330600530_296 .array/port v0x55a330600530, 296;
v0x55a330600530_297 .array/port v0x55a330600530, 297;
v0x55a330600530_298 .array/port v0x55a330600530, 298;
E_0x55a3305ce930/74 .event edge, v0x55a330600530_295, v0x55a330600530_296, v0x55a330600530_297, v0x55a330600530_298;
v0x55a330600530_299 .array/port v0x55a330600530, 299;
v0x55a330600530_300 .array/port v0x55a330600530, 300;
v0x55a330600530_301 .array/port v0x55a330600530, 301;
v0x55a330600530_302 .array/port v0x55a330600530, 302;
E_0x55a3305ce930/75 .event edge, v0x55a330600530_299, v0x55a330600530_300, v0x55a330600530_301, v0x55a330600530_302;
v0x55a330600530_303 .array/port v0x55a330600530, 303;
v0x55a330600530_304 .array/port v0x55a330600530, 304;
v0x55a330600530_305 .array/port v0x55a330600530, 305;
v0x55a330600530_306 .array/port v0x55a330600530, 306;
E_0x55a3305ce930/76 .event edge, v0x55a330600530_303, v0x55a330600530_304, v0x55a330600530_305, v0x55a330600530_306;
v0x55a330600530_307 .array/port v0x55a330600530, 307;
v0x55a330600530_308 .array/port v0x55a330600530, 308;
v0x55a330600530_309 .array/port v0x55a330600530, 309;
v0x55a330600530_310 .array/port v0x55a330600530, 310;
E_0x55a3305ce930/77 .event edge, v0x55a330600530_307, v0x55a330600530_308, v0x55a330600530_309, v0x55a330600530_310;
v0x55a330600530_311 .array/port v0x55a330600530, 311;
v0x55a330600530_312 .array/port v0x55a330600530, 312;
v0x55a330600530_313 .array/port v0x55a330600530, 313;
v0x55a330600530_314 .array/port v0x55a330600530, 314;
E_0x55a3305ce930/78 .event edge, v0x55a330600530_311, v0x55a330600530_312, v0x55a330600530_313, v0x55a330600530_314;
v0x55a330600530_315 .array/port v0x55a330600530, 315;
v0x55a330600530_316 .array/port v0x55a330600530, 316;
v0x55a330600530_317 .array/port v0x55a330600530, 317;
v0x55a330600530_318 .array/port v0x55a330600530, 318;
E_0x55a3305ce930/79 .event edge, v0x55a330600530_315, v0x55a330600530_316, v0x55a330600530_317, v0x55a330600530_318;
v0x55a330600530_319 .array/port v0x55a330600530, 319;
v0x55a330600530_320 .array/port v0x55a330600530, 320;
v0x55a330600530_321 .array/port v0x55a330600530, 321;
v0x55a330600530_322 .array/port v0x55a330600530, 322;
E_0x55a3305ce930/80 .event edge, v0x55a330600530_319, v0x55a330600530_320, v0x55a330600530_321, v0x55a330600530_322;
v0x55a330600530_323 .array/port v0x55a330600530, 323;
v0x55a330600530_324 .array/port v0x55a330600530, 324;
v0x55a330600530_325 .array/port v0x55a330600530, 325;
v0x55a330600530_326 .array/port v0x55a330600530, 326;
E_0x55a3305ce930/81 .event edge, v0x55a330600530_323, v0x55a330600530_324, v0x55a330600530_325, v0x55a330600530_326;
v0x55a330600530_327 .array/port v0x55a330600530, 327;
v0x55a330600530_328 .array/port v0x55a330600530, 328;
v0x55a330600530_329 .array/port v0x55a330600530, 329;
v0x55a330600530_330 .array/port v0x55a330600530, 330;
E_0x55a3305ce930/82 .event edge, v0x55a330600530_327, v0x55a330600530_328, v0x55a330600530_329, v0x55a330600530_330;
v0x55a330600530_331 .array/port v0x55a330600530, 331;
v0x55a330600530_332 .array/port v0x55a330600530, 332;
v0x55a330600530_333 .array/port v0x55a330600530, 333;
v0x55a330600530_334 .array/port v0x55a330600530, 334;
E_0x55a3305ce930/83 .event edge, v0x55a330600530_331, v0x55a330600530_332, v0x55a330600530_333, v0x55a330600530_334;
v0x55a330600530_335 .array/port v0x55a330600530, 335;
v0x55a330600530_336 .array/port v0x55a330600530, 336;
v0x55a330600530_337 .array/port v0x55a330600530, 337;
v0x55a330600530_338 .array/port v0x55a330600530, 338;
E_0x55a3305ce930/84 .event edge, v0x55a330600530_335, v0x55a330600530_336, v0x55a330600530_337, v0x55a330600530_338;
v0x55a330600530_339 .array/port v0x55a330600530, 339;
v0x55a330600530_340 .array/port v0x55a330600530, 340;
v0x55a330600530_341 .array/port v0x55a330600530, 341;
v0x55a330600530_342 .array/port v0x55a330600530, 342;
E_0x55a3305ce930/85 .event edge, v0x55a330600530_339, v0x55a330600530_340, v0x55a330600530_341, v0x55a330600530_342;
v0x55a330600530_343 .array/port v0x55a330600530, 343;
v0x55a330600530_344 .array/port v0x55a330600530, 344;
v0x55a330600530_345 .array/port v0x55a330600530, 345;
v0x55a330600530_346 .array/port v0x55a330600530, 346;
E_0x55a3305ce930/86 .event edge, v0x55a330600530_343, v0x55a330600530_344, v0x55a330600530_345, v0x55a330600530_346;
v0x55a330600530_347 .array/port v0x55a330600530, 347;
v0x55a330600530_348 .array/port v0x55a330600530, 348;
v0x55a330600530_349 .array/port v0x55a330600530, 349;
v0x55a330600530_350 .array/port v0x55a330600530, 350;
E_0x55a3305ce930/87 .event edge, v0x55a330600530_347, v0x55a330600530_348, v0x55a330600530_349, v0x55a330600530_350;
v0x55a330600530_351 .array/port v0x55a330600530, 351;
v0x55a330600530_352 .array/port v0x55a330600530, 352;
v0x55a330600530_353 .array/port v0x55a330600530, 353;
v0x55a330600530_354 .array/port v0x55a330600530, 354;
E_0x55a3305ce930/88 .event edge, v0x55a330600530_351, v0x55a330600530_352, v0x55a330600530_353, v0x55a330600530_354;
v0x55a330600530_355 .array/port v0x55a330600530, 355;
v0x55a330600530_356 .array/port v0x55a330600530, 356;
v0x55a330600530_357 .array/port v0x55a330600530, 357;
v0x55a330600530_358 .array/port v0x55a330600530, 358;
E_0x55a3305ce930/89 .event edge, v0x55a330600530_355, v0x55a330600530_356, v0x55a330600530_357, v0x55a330600530_358;
v0x55a330600530_359 .array/port v0x55a330600530, 359;
v0x55a330600530_360 .array/port v0x55a330600530, 360;
v0x55a330600530_361 .array/port v0x55a330600530, 361;
v0x55a330600530_362 .array/port v0x55a330600530, 362;
E_0x55a3305ce930/90 .event edge, v0x55a330600530_359, v0x55a330600530_360, v0x55a330600530_361, v0x55a330600530_362;
v0x55a330600530_363 .array/port v0x55a330600530, 363;
v0x55a330600530_364 .array/port v0x55a330600530, 364;
v0x55a330600530_365 .array/port v0x55a330600530, 365;
v0x55a330600530_366 .array/port v0x55a330600530, 366;
E_0x55a3305ce930/91 .event edge, v0x55a330600530_363, v0x55a330600530_364, v0x55a330600530_365, v0x55a330600530_366;
v0x55a330600530_367 .array/port v0x55a330600530, 367;
v0x55a330600530_368 .array/port v0x55a330600530, 368;
v0x55a330600530_369 .array/port v0x55a330600530, 369;
v0x55a330600530_370 .array/port v0x55a330600530, 370;
E_0x55a3305ce930/92 .event edge, v0x55a330600530_367, v0x55a330600530_368, v0x55a330600530_369, v0x55a330600530_370;
v0x55a330600530_371 .array/port v0x55a330600530, 371;
v0x55a330600530_372 .array/port v0x55a330600530, 372;
v0x55a330600530_373 .array/port v0x55a330600530, 373;
v0x55a330600530_374 .array/port v0x55a330600530, 374;
E_0x55a3305ce930/93 .event edge, v0x55a330600530_371, v0x55a330600530_372, v0x55a330600530_373, v0x55a330600530_374;
v0x55a330600530_375 .array/port v0x55a330600530, 375;
v0x55a330600530_376 .array/port v0x55a330600530, 376;
v0x55a330600530_377 .array/port v0x55a330600530, 377;
v0x55a330600530_378 .array/port v0x55a330600530, 378;
E_0x55a3305ce930/94 .event edge, v0x55a330600530_375, v0x55a330600530_376, v0x55a330600530_377, v0x55a330600530_378;
v0x55a330600530_379 .array/port v0x55a330600530, 379;
v0x55a330600530_380 .array/port v0x55a330600530, 380;
v0x55a330600530_381 .array/port v0x55a330600530, 381;
v0x55a330600530_382 .array/port v0x55a330600530, 382;
E_0x55a3305ce930/95 .event edge, v0x55a330600530_379, v0x55a330600530_380, v0x55a330600530_381, v0x55a330600530_382;
v0x55a330600530_383 .array/port v0x55a330600530, 383;
v0x55a330600530_384 .array/port v0x55a330600530, 384;
v0x55a330600530_385 .array/port v0x55a330600530, 385;
v0x55a330600530_386 .array/port v0x55a330600530, 386;
E_0x55a3305ce930/96 .event edge, v0x55a330600530_383, v0x55a330600530_384, v0x55a330600530_385, v0x55a330600530_386;
v0x55a330600530_387 .array/port v0x55a330600530, 387;
v0x55a330600530_388 .array/port v0x55a330600530, 388;
v0x55a330600530_389 .array/port v0x55a330600530, 389;
v0x55a330600530_390 .array/port v0x55a330600530, 390;
E_0x55a3305ce930/97 .event edge, v0x55a330600530_387, v0x55a330600530_388, v0x55a330600530_389, v0x55a330600530_390;
v0x55a330600530_391 .array/port v0x55a330600530, 391;
v0x55a330600530_392 .array/port v0x55a330600530, 392;
v0x55a330600530_393 .array/port v0x55a330600530, 393;
v0x55a330600530_394 .array/port v0x55a330600530, 394;
E_0x55a3305ce930/98 .event edge, v0x55a330600530_391, v0x55a330600530_392, v0x55a330600530_393, v0x55a330600530_394;
v0x55a330600530_395 .array/port v0x55a330600530, 395;
v0x55a330600530_396 .array/port v0x55a330600530, 396;
v0x55a330600530_397 .array/port v0x55a330600530, 397;
v0x55a330600530_398 .array/port v0x55a330600530, 398;
E_0x55a3305ce930/99 .event edge, v0x55a330600530_395, v0x55a330600530_396, v0x55a330600530_397, v0x55a330600530_398;
v0x55a330600530_399 .array/port v0x55a330600530, 399;
v0x55a330600530_400 .array/port v0x55a330600530, 400;
v0x55a330600530_401 .array/port v0x55a330600530, 401;
v0x55a330600530_402 .array/port v0x55a330600530, 402;
E_0x55a3305ce930/100 .event edge, v0x55a330600530_399, v0x55a330600530_400, v0x55a330600530_401, v0x55a330600530_402;
v0x55a330600530_403 .array/port v0x55a330600530, 403;
v0x55a330600530_404 .array/port v0x55a330600530, 404;
v0x55a330600530_405 .array/port v0x55a330600530, 405;
v0x55a330600530_406 .array/port v0x55a330600530, 406;
E_0x55a3305ce930/101 .event edge, v0x55a330600530_403, v0x55a330600530_404, v0x55a330600530_405, v0x55a330600530_406;
v0x55a330600530_407 .array/port v0x55a330600530, 407;
v0x55a330600530_408 .array/port v0x55a330600530, 408;
v0x55a330600530_409 .array/port v0x55a330600530, 409;
v0x55a330600530_410 .array/port v0x55a330600530, 410;
E_0x55a3305ce930/102 .event edge, v0x55a330600530_407, v0x55a330600530_408, v0x55a330600530_409, v0x55a330600530_410;
v0x55a330600530_411 .array/port v0x55a330600530, 411;
v0x55a330600530_412 .array/port v0x55a330600530, 412;
v0x55a330600530_413 .array/port v0x55a330600530, 413;
v0x55a330600530_414 .array/port v0x55a330600530, 414;
E_0x55a3305ce930/103 .event edge, v0x55a330600530_411, v0x55a330600530_412, v0x55a330600530_413, v0x55a330600530_414;
v0x55a330600530_415 .array/port v0x55a330600530, 415;
v0x55a330600530_416 .array/port v0x55a330600530, 416;
v0x55a330600530_417 .array/port v0x55a330600530, 417;
v0x55a330600530_418 .array/port v0x55a330600530, 418;
E_0x55a3305ce930/104 .event edge, v0x55a330600530_415, v0x55a330600530_416, v0x55a330600530_417, v0x55a330600530_418;
v0x55a330600530_419 .array/port v0x55a330600530, 419;
v0x55a330600530_420 .array/port v0x55a330600530, 420;
v0x55a330600530_421 .array/port v0x55a330600530, 421;
v0x55a330600530_422 .array/port v0x55a330600530, 422;
E_0x55a3305ce930/105 .event edge, v0x55a330600530_419, v0x55a330600530_420, v0x55a330600530_421, v0x55a330600530_422;
v0x55a330600530_423 .array/port v0x55a330600530, 423;
v0x55a330600530_424 .array/port v0x55a330600530, 424;
v0x55a330600530_425 .array/port v0x55a330600530, 425;
v0x55a330600530_426 .array/port v0x55a330600530, 426;
E_0x55a3305ce930/106 .event edge, v0x55a330600530_423, v0x55a330600530_424, v0x55a330600530_425, v0x55a330600530_426;
v0x55a330600530_427 .array/port v0x55a330600530, 427;
v0x55a330600530_428 .array/port v0x55a330600530, 428;
v0x55a330600530_429 .array/port v0x55a330600530, 429;
v0x55a330600530_430 .array/port v0x55a330600530, 430;
E_0x55a3305ce930/107 .event edge, v0x55a330600530_427, v0x55a330600530_428, v0x55a330600530_429, v0x55a330600530_430;
v0x55a330600530_431 .array/port v0x55a330600530, 431;
v0x55a330600530_432 .array/port v0x55a330600530, 432;
v0x55a330600530_433 .array/port v0x55a330600530, 433;
v0x55a330600530_434 .array/port v0x55a330600530, 434;
E_0x55a3305ce930/108 .event edge, v0x55a330600530_431, v0x55a330600530_432, v0x55a330600530_433, v0x55a330600530_434;
v0x55a330600530_435 .array/port v0x55a330600530, 435;
v0x55a330600530_436 .array/port v0x55a330600530, 436;
v0x55a330600530_437 .array/port v0x55a330600530, 437;
v0x55a330600530_438 .array/port v0x55a330600530, 438;
E_0x55a3305ce930/109 .event edge, v0x55a330600530_435, v0x55a330600530_436, v0x55a330600530_437, v0x55a330600530_438;
v0x55a330600530_439 .array/port v0x55a330600530, 439;
v0x55a330600530_440 .array/port v0x55a330600530, 440;
v0x55a330600530_441 .array/port v0x55a330600530, 441;
v0x55a330600530_442 .array/port v0x55a330600530, 442;
E_0x55a3305ce930/110 .event edge, v0x55a330600530_439, v0x55a330600530_440, v0x55a330600530_441, v0x55a330600530_442;
v0x55a330600530_443 .array/port v0x55a330600530, 443;
v0x55a330600530_444 .array/port v0x55a330600530, 444;
v0x55a330600530_445 .array/port v0x55a330600530, 445;
v0x55a330600530_446 .array/port v0x55a330600530, 446;
E_0x55a3305ce930/111 .event edge, v0x55a330600530_443, v0x55a330600530_444, v0x55a330600530_445, v0x55a330600530_446;
v0x55a330600530_447 .array/port v0x55a330600530, 447;
v0x55a330600530_448 .array/port v0x55a330600530, 448;
v0x55a330600530_449 .array/port v0x55a330600530, 449;
v0x55a330600530_450 .array/port v0x55a330600530, 450;
E_0x55a3305ce930/112 .event edge, v0x55a330600530_447, v0x55a330600530_448, v0x55a330600530_449, v0x55a330600530_450;
v0x55a330600530_451 .array/port v0x55a330600530, 451;
v0x55a330600530_452 .array/port v0x55a330600530, 452;
v0x55a330600530_453 .array/port v0x55a330600530, 453;
v0x55a330600530_454 .array/port v0x55a330600530, 454;
E_0x55a3305ce930/113 .event edge, v0x55a330600530_451, v0x55a330600530_452, v0x55a330600530_453, v0x55a330600530_454;
v0x55a330600530_455 .array/port v0x55a330600530, 455;
v0x55a330600530_456 .array/port v0x55a330600530, 456;
v0x55a330600530_457 .array/port v0x55a330600530, 457;
v0x55a330600530_458 .array/port v0x55a330600530, 458;
E_0x55a3305ce930/114 .event edge, v0x55a330600530_455, v0x55a330600530_456, v0x55a330600530_457, v0x55a330600530_458;
v0x55a330600530_459 .array/port v0x55a330600530, 459;
v0x55a330600530_460 .array/port v0x55a330600530, 460;
v0x55a330600530_461 .array/port v0x55a330600530, 461;
v0x55a330600530_462 .array/port v0x55a330600530, 462;
E_0x55a3305ce930/115 .event edge, v0x55a330600530_459, v0x55a330600530_460, v0x55a330600530_461, v0x55a330600530_462;
v0x55a330600530_463 .array/port v0x55a330600530, 463;
v0x55a330600530_464 .array/port v0x55a330600530, 464;
v0x55a330600530_465 .array/port v0x55a330600530, 465;
v0x55a330600530_466 .array/port v0x55a330600530, 466;
E_0x55a3305ce930/116 .event edge, v0x55a330600530_463, v0x55a330600530_464, v0x55a330600530_465, v0x55a330600530_466;
v0x55a330600530_467 .array/port v0x55a330600530, 467;
v0x55a330600530_468 .array/port v0x55a330600530, 468;
v0x55a330600530_469 .array/port v0x55a330600530, 469;
v0x55a330600530_470 .array/port v0x55a330600530, 470;
E_0x55a3305ce930/117 .event edge, v0x55a330600530_467, v0x55a330600530_468, v0x55a330600530_469, v0x55a330600530_470;
v0x55a330600530_471 .array/port v0x55a330600530, 471;
v0x55a330600530_472 .array/port v0x55a330600530, 472;
v0x55a330600530_473 .array/port v0x55a330600530, 473;
v0x55a330600530_474 .array/port v0x55a330600530, 474;
E_0x55a3305ce930/118 .event edge, v0x55a330600530_471, v0x55a330600530_472, v0x55a330600530_473, v0x55a330600530_474;
v0x55a330600530_475 .array/port v0x55a330600530, 475;
v0x55a330600530_476 .array/port v0x55a330600530, 476;
v0x55a330600530_477 .array/port v0x55a330600530, 477;
v0x55a330600530_478 .array/port v0x55a330600530, 478;
E_0x55a3305ce930/119 .event edge, v0x55a330600530_475, v0x55a330600530_476, v0x55a330600530_477, v0x55a330600530_478;
v0x55a330600530_479 .array/port v0x55a330600530, 479;
v0x55a330600530_480 .array/port v0x55a330600530, 480;
v0x55a330600530_481 .array/port v0x55a330600530, 481;
v0x55a330600530_482 .array/port v0x55a330600530, 482;
E_0x55a3305ce930/120 .event edge, v0x55a330600530_479, v0x55a330600530_480, v0x55a330600530_481, v0x55a330600530_482;
v0x55a330600530_483 .array/port v0x55a330600530, 483;
v0x55a330600530_484 .array/port v0x55a330600530, 484;
v0x55a330600530_485 .array/port v0x55a330600530, 485;
v0x55a330600530_486 .array/port v0x55a330600530, 486;
E_0x55a3305ce930/121 .event edge, v0x55a330600530_483, v0x55a330600530_484, v0x55a330600530_485, v0x55a330600530_486;
v0x55a330600530_487 .array/port v0x55a330600530, 487;
v0x55a330600530_488 .array/port v0x55a330600530, 488;
v0x55a330600530_489 .array/port v0x55a330600530, 489;
v0x55a330600530_490 .array/port v0x55a330600530, 490;
E_0x55a3305ce930/122 .event edge, v0x55a330600530_487, v0x55a330600530_488, v0x55a330600530_489, v0x55a330600530_490;
v0x55a330600530_491 .array/port v0x55a330600530, 491;
v0x55a330600530_492 .array/port v0x55a330600530, 492;
v0x55a330600530_493 .array/port v0x55a330600530, 493;
v0x55a330600530_494 .array/port v0x55a330600530, 494;
E_0x55a3305ce930/123 .event edge, v0x55a330600530_491, v0x55a330600530_492, v0x55a330600530_493, v0x55a330600530_494;
v0x55a330600530_495 .array/port v0x55a330600530, 495;
v0x55a330600530_496 .array/port v0x55a330600530, 496;
v0x55a330600530_497 .array/port v0x55a330600530, 497;
v0x55a330600530_498 .array/port v0x55a330600530, 498;
E_0x55a3305ce930/124 .event edge, v0x55a330600530_495, v0x55a330600530_496, v0x55a330600530_497, v0x55a330600530_498;
v0x55a330600530_499 .array/port v0x55a330600530, 499;
v0x55a330600530_500 .array/port v0x55a330600530, 500;
v0x55a330600530_501 .array/port v0x55a330600530, 501;
v0x55a330600530_502 .array/port v0x55a330600530, 502;
E_0x55a3305ce930/125 .event edge, v0x55a330600530_499, v0x55a330600530_500, v0x55a330600530_501, v0x55a330600530_502;
v0x55a330600530_503 .array/port v0x55a330600530, 503;
v0x55a330600530_504 .array/port v0x55a330600530, 504;
v0x55a330600530_505 .array/port v0x55a330600530, 505;
v0x55a330600530_506 .array/port v0x55a330600530, 506;
E_0x55a3305ce930/126 .event edge, v0x55a330600530_503, v0x55a330600530_504, v0x55a330600530_505, v0x55a330600530_506;
v0x55a330600530_507 .array/port v0x55a330600530, 507;
v0x55a330600530_508 .array/port v0x55a330600530, 508;
v0x55a330600530_509 .array/port v0x55a330600530, 509;
v0x55a330600530_510 .array/port v0x55a330600530, 510;
E_0x55a3305ce930/127 .event edge, v0x55a330600530_507, v0x55a330600530_508, v0x55a330600530_509, v0x55a330600530_510;
v0x55a330600530_511 .array/port v0x55a330600530, 511;
v0x55a330600530_512 .array/port v0x55a330600530, 512;
v0x55a330600530_513 .array/port v0x55a330600530, 513;
v0x55a330600530_514 .array/port v0x55a330600530, 514;
E_0x55a3305ce930/128 .event edge, v0x55a330600530_511, v0x55a330600530_512, v0x55a330600530_513, v0x55a330600530_514;
v0x55a330600530_515 .array/port v0x55a330600530, 515;
v0x55a330600530_516 .array/port v0x55a330600530, 516;
v0x55a330600530_517 .array/port v0x55a330600530, 517;
v0x55a330600530_518 .array/port v0x55a330600530, 518;
E_0x55a3305ce930/129 .event edge, v0x55a330600530_515, v0x55a330600530_516, v0x55a330600530_517, v0x55a330600530_518;
v0x55a330600530_519 .array/port v0x55a330600530, 519;
v0x55a330600530_520 .array/port v0x55a330600530, 520;
v0x55a330600530_521 .array/port v0x55a330600530, 521;
v0x55a330600530_522 .array/port v0x55a330600530, 522;
E_0x55a3305ce930/130 .event edge, v0x55a330600530_519, v0x55a330600530_520, v0x55a330600530_521, v0x55a330600530_522;
v0x55a330600530_523 .array/port v0x55a330600530, 523;
v0x55a330600530_524 .array/port v0x55a330600530, 524;
v0x55a330600530_525 .array/port v0x55a330600530, 525;
v0x55a330600530_526 .array/port v0x55a330600530, 526;
E_0x55a3305ce930/131 .event edge, v0x55a330600530_523, v0x55a330600530_524, v0x55a330600530_525, v0x55a330600530_526;
v0x55a330600530_527 .array/port v0x55a330600530, 527;
v0x55a330600530_528 .array/port v0x55a330600530, 528;
v0x55a330600530_529 .array/port v0x55a330600530, 529;
v0x55a330600530_530 .array/port v0x55a330600530, 530;
E_0x55a3305ce930/132 .event edge, v0x55a330600530_527, v0x55a330600530_528, v0x55a330600530_529, v0x55a330600530_530;
v0x55a330600530_531 .array/port v0x55a330600530, 531;
v0x55a330600530_532 .array/port v0x55a330600530, 532;
v0x55a330600530_533 .array/port v0x55a330600530, 533;
v0x55a330600530_534 .array/port v0x55a330600530, 534;
E_0x55a3305ce930/133 .event edge, v0x55a330600530_531, v0x55a330600530_532, v0x55a330600530_533, v0x55a330600530_534;
v0x55a330600530_535 .array/port v0x55a330600530, 535;
v0x55a330600530_536 .array/port v0x55a330600530, 536;
v0x55a330600530_537 .array/port v0x55a330600530, 537;
v0x55a330600530_538 .array/port v0x55a330600530, 538;
E_0x55a3305ce930/134 .event edge, v0x55a330600530_535, v0x55a330600530_536, v0x55a330600530_537, v0x55a330600530_538;
v0x55a330600530_539 .array/port v0x55a330600530, 539;
v0x55a330600530_540 .array/port v0x55a330600530, 540;
v0x55a330600530_541 .array/port v0x55a330600530, 541;
v0x55a330600530_542 .array/port v0x55a330600530, 542;
E_0x55a3305ce930/135 .event edge, v0x55a330600530_539, v0x55a330600530_540, v0x55a330600530_541, v0x55a330600530_542;
v0x55a330600530_543 .array/port v0x55a330600530, 543;
v0x55a330600530_544 .array/port v0x55a330600530, 544;
v0x55a330600530_545 .array/port v0x55a330600530, 545;
v0x55a330600530_546 .array/port v0x55a330600530, 546;
E_0x55a3305ce930/136 .event edge, v0x55a330600530_543, v0x55a330600530_544, v0x55a330600530_545, v0x55a330600530_546;
v0x55a330600530_547 .array/port v0x55a330600530, 547;
v0x55a330600530_548 .array/port v0x55a330600530, 548;
v0x55a330600530_549 .array/port v0x55a330600530, 549;
v0x55a330600530_550 .array/port v0x55a330600530, 550;
E_0x55a3305ce930/137 .event edge, v0x55a330600530_547, v0x55a330600530_548, v0x55a330600530_549, v0x55a330600530_550;
v0x55a330600530_551 .array/port v0x55a330600530, 551;
v0x55a330600530_552 .array/port v0x55a330600530, 552;
v0x55a330600530_553 .array/port v0x55a330600530, 553;
v0x55a330600530_554 .array/port v0x55a330600530, 554;
E_0x55a3305ce930/138 .event edge, v0x55a330600530_551, v0x55a330600530_552, v0x55a330600530_553, v0x55a330600530_554;
v0x55a330600530_555 .array/port v0x55a330600530, 555;
v0x55a330600530_556 .array/port v0x55a330600530, 556;
v0x55a330600530_557 .array/port v0x55a330600530, 557;
v0x55a330600530_558 .array/port v0x55a330600530, 558;
E_0x55a3305ce930/139 .event edge, v0x55a330600530_555, v0x55a330600530_556, v0x55a330600530_557, v0x55a330600530_558;
v0x55a330600530_559 .array/port v0x55a330600530, 559;
v0x55a330600530_560 .array/port v0x55a330600530, 560;
v0x55a330600530_561 .array/port v0x55a330600530, 561;
v0x55a330600530_562 .array/port v0x55a330600530, 562;
E_0x55a3305ce930/140 .event edge, v0x55a330600530_559, v0x55a330600530_560, v0x55a330600530_561, v0x55a330600530_562;
v0x55a330600530_563 .array/port v0x55a330600530, 563;
v0x55a330600530_564 .array/port v0x55a330600530, 564;
v0x55a330600530_565 .array/port v0x55a330600530, 565;
v0x55a330600530_566 .array/port v0x55a330600530, 566;
E_0x55a3305ce930/141 .event edge, v0x55a330600530_563, v0x55a330600530_564, v0x55a330600530_565, v0x55a330600530_566;
v0x55a330600530_567 .array/port v0x55a330600530, 567;
v0x55a330600530_568 .array/port v0x55a330600530, 568;
v0x55a330600530_569 .array/port v0x55a330600530, 569;
v0x55a330600530_570 .array/port v0x55a330600530, 570;
E_0x55a3305ce930/142 .event edge, v0x55a330600530_567, v0x55a330600530_568, v0x55a330600530_569, v0x55a330600530_570;
v0x55a330600530_571 .array/port v0x55a330600530, 571;
v0x55a330600530_572 .array/port v0x55a330600530, 572;
v0x55a330600530_573 .array/port v0x55a330600530, 573;
v0x55a330600530_574 .array/port v0x55a330600530, 574;
E_0x55a3305ce930/143 .event edge, v0x55a330600530_571, v0x55a330600530_572, v0x55a330600530_573, v0x55a330600530_574;
v0x55a330600530_575 .array/port v0x55a330600530, 575;
v0x55a330600530_576 .array/port v0x55a330600530, 576;
v0x55a330600530_577 .array/port v0x55a330600530, 577;
v0x55a330600530_578 .array/port v0x55a330600530, 578;
E_0x55a3305ce930/144 .event edge, v0x55a330600530_575, v0x55a330600530_576, v0x55a330600530_577, v0x55a330600530_578;
v0x55a330600530_579 .array/port v0x55a330600530, 579;
v0x55a330600530_580 .array/port v0x55a330600530, 580;
v0x55a330600530_581 .array/port v0x55a330600530, 581;
v0x55a330600530_582 .array/port v0x55a330600530, 582;
E_0x55a3305ce930/145 .event edge, v0x55a330600530_579, v0x55a330600530_580, v0x55a330600530_581, v0x55a330600530_582;
v0x55a330600530_583 .array/port v0x55a330600530, 583;
v0x55a330600530_584 .array/port v0x55a330600530, 584;
v0x55a330600530_585 .array/port v0x55a330600530, 585;
v0x55a330600530_586 .array/port v0x55a330600530, 586;
E_0x55a3305ce930/146 .event edge, v0x55a330600530_583, v0x55a330600530_584, v0x55a330600530_585, v0x55a330600530_586;
v0x55a330600530_587 .array/port v0x55a330600530, 587;
v0x55a330600530_588 .array/port v0x55a330600530, 588;
v0x55a330600530_589 .array/port v0x55a330600530, 589;
v0x55a330600530_590 .array/port v0x55a330600530, 590;
E_0x55a3305ce930/147 .event edge, v0x55a330600530_587, v0x55a330600530_588, v0x55a330600530_589, v0x55a330600530_590;
v0x55a330600530_591 .array/port v0x55a330600530, 591;
v0x55a330600530_592 .array/port v0x55a330600530, 592;
v0x55a330600530_593 .array/port v0x55a330600530, 593;
v0x55a330600530_594 .array/port v0x55a330600530, 594;
E_0x55a3305ce930/148 .event edge, v0x55a330600530_591, v0x55a330600530_592, v0x55a330600530_593, v0x55a330600530_594;
v0x55a330600530_595 .array/port v0x55a330600530, 595;
v0x55a330600530_596 .array/port v0x55a330600530, 596;
v0x55a330600530_597 .array/port v0x55a330600530, 597;
v0x55a330600530_598 .array/port v0x55a330600530, 598;
E_0x55a3305ce930/149 .event edge, v0x55a330600530_595, v0x55a330600530_596, v0x55a330600530_597, v0x55a330600530_598;
v0x55a330600530_599 .array/port v0x55a330600530, 599;
v0x55a330600530_600 .array/port v0x55a330600530, 600;
v0x55a330600530_601 .array/port v0x55a330600530, 601;
v0x55a330600530_602 .array/port v0x55a330600530, 602;
E_0x55a3305ce930/150 .event edge, v0x55a330600530_599, v0x55a330600530_600, v0x55a330600530_601, v0x55a330600530_602;
v0x55a330600530_603 .array/port v0x55a330600530, 603;
v0x55a330600530_604 .array/port v0x55a330600530, 604;
v0x55a330600530_605 .array/port v0x55a330600530, 605;
v0x55a330600530_606 .array/port v0x55a330600530, 606;
E_0x55a3305ce930/151 .event edge, v0x55a330600530_603, v0x55a330600530_604, v0x55a330600530_605, v0x55a330600530_606;
v0x55a330600530_607 .array/port v0x55a330600530, 607;
v0x55a330600530_608 .array/port v0x55a330600530, 608;
v0x55a330600530_609 .array/port v0x55a330600530, 609;
v0x55a330600530_610 .array/port v0x55a330600530, 610;
E_0x55a3305ce930/152 .event edge, v0x55a330600530_607, v0x55a330600530_608, v0x55a330600530_609, v0x55a330600530_610;
v0x55a330600530_611 .array/port v0x55a330600530, 611;
v0x55a330600530_612 .array/port v0x55a330600530, 612;
v0x55a330600530_613 .array/port v0x55a330600530, 613;
v0x55a330600530_614 .array/port v0x55a330600530, 614;
E_0x55a3305ce930/153 .event edge, v0x55a330600530_611, v0x55a330600530_612, v0x55a330600530_613, v0x55a330600530_614;
v0x55a330600530_615 .array/port v0x55a330600530, 615;
v0x55a330600530_616 .array/port v0x55a330600530, 616;
v0x55a330600530_617 .array/port v0x55a330600530, 617;
v0x55a330600530_618 .array/port v0x55a330600530, 618;
E_0x55a3305ce930/154 .event edge, v0x55a330600530_615, v0x55a330600530_616, v0x55a330600530_617, v0x55a330600530_618;
v0x55a330600530_619 .array/port v0x55a330600530, 619;
v0x55a330600530_620 .array/port v0x55a330600530, 620;
v0x55a330600530_621 .array/port v0x55a330600530, 621;
v0x55a330600530_622 .array/port v0x55a330600530, 622;
E_0x55a3305ce930/155 .event edge, v0x55a330600530_619, v0x55a330600530_620, v0x55a330600530_621, v0x55a330600530_622;
v0x55a330600530_623 .array/port v0x55a330600530, 623;
v0x55a330600530_624 .array/port v0x55a330600530, 624;
v0x55a330600530_625 .array/port v0x55a330600530, 625;
v0x55a330600530_626 .array/port v0x55a330600530, 626;
E_0x55a3305ce930/156 .event edge, v0x55a330600530_623, v0x55a330600530_624, v0x55a330600530_625, v0x55a330600530_626;
v0x55a330600530_627 .array/port v0x55a330600530, 627;
v0x55a330600530_628 .array/port v0x55a330600530, 628;
v0x55a330600530_629 .array/port v0x55a330600530, 629;
v0x55a330600530_630 .array/port v0x55a330600530, 630;
E_0x55a3305ce930/157 .event edge, v0x55a330600530_627, v0x55a330600530_628, v0x55a330600530_629, v0x55a330600530_630;
v0x55a330600530_631 .array/port v0x55a330600530, 631;
v0x55a330600530_632 .array/port v0x55a330600530, 632;
v0x55a330600530_633 .array/port v0x55a330600530, 633;
v0x55a330600530_634 .array/port v0x55a330600530, 634;
E_0x55a3305ce930/158 .event edge, v0x55a330600530_631, v0x55a330600530_632, v0x55a330600530_633, v0x55a330600530_634;
v0x55a330600530_635 .array/port v0x55a330600530, 635;
v0x55a330600530_636 .array/port v0x55a330600530, 636;
v0x55a330600530_637 .array/port v0x55a330600530, 637;
v0x55a330600530_638 .array/port v0x55a330600530, 638;
E_0x55a3305ce930/159 .event edge, v0x55a330600530_635, v0x55a330600530_636, v0x55a330600530_637, v0x55a330600530_638;
v0x55a330600530_639 .array/port v0x55a330600530, 639;
v0x55a330600530_640 .array/port v0x55a330600530, 640;
v0x55a330600530_641 .array/port v0x55a330600530, 641;
v0x55a330600530_642 .array/port v0x55a330600530, 642;
E_0x55a3305ce930/160 .event edge, v0x55a330600530_639, v0x55a330600530_640, v0x55a330600530_641, v0x55a330600530_642;
v0x55a330600530_643 .array/port v0x55a330600530, 643;
v0x55a330600530_644 .array/port v0x55a330600530, 644;
v0x55a330600530_645 .array/port v0x55a330600530, 645;
v0x55a330600530_646 .array/port v0x55a330600530, 646;
E_0x55a3305ce930/161 .event edge, v0x55a330600530_643, v0x55a330600530_644, v0x55a330600530_645, v0x55a330600530_646;
v0x55a330600530_647 .array/port v0x55a330600530, 647;
v0x55a330600530_648 .array/port v0x55a330600530, 648;
v0x55a330600530_649 .array/port v0x55a330600530, 649;
v0x55a330600530_650 .array/port v0x55a330600530, 650;
E_0x55a3305ce930/162 .event edge, v0x55a330600530_647, v0x55a330600530_648, v0x55a330600530_649, v0x55a330600530_650;
v0x55a330600530_651 .array/port v0x55a330600530, 651;
v0x55a330600530_652 .array/port v0x55a330600530, 652;
v0x55a330600530_653 .array/port v0x55a330600530, 653;
v0x55a330600530_654 .array/port v0x55a330600530, 654;
E_0x55a3305ce930/163 .event edge, v0x55a330600530_651, v0x55a330600530_652, v0x55a330600530_653, v0x55a330600530_654;
v0x55a330600530_655 .array/port v0x55a330600530, 655;
v0x55a330600530_656 .array/port v0x55a330600530, 656;
v0x55a330600530_657 .array/port v0x55a330600530, 657;
v0x55a330600530_658 .array/port v0x55a330600530, 658;
E_0x55a3305ce930/164 .event edge, v0x55a330600530_655, v0x55a330600530_656, v0x55a330600530_657, v0x55a330600530_658;
v0x55a330600530_659 .array/port v0x55a330600530, 659;
v0x55a330600530_660 .array/port v0x55a330600530, 660;
v0x55a330600530_661 .array/port v0x55a330600530, 661;
v0x55a330600530_662 .array/port v0x55a330600530, 662;
E_0x55a3305ce930/165 .event edge, v0x55a330600530_659, v0x55a330600530_660, v0x55a330600530_661, v0x55a330600530_662;
v0x55a330600530_663 .array/port v0x55a330600530, 663;
v0x55a330600530_664 .array/port v0x55a330600530, 664;
v0x55a330600530_665 .array/port v0x55a330600530, 665;
v0x55a330600530_666 .array/port v0x55a330600530, 666;
E_0x55a3305ce930/166 .event edge, v0x55a330600530_663, v0x55a330600530_664, v0x55a330600530_665, v0x55a330600530_666;
v0x55a330600530_667 .array/port v0x55a330600530, 667;
v0x55a330600530_668 .array/port v0x55a330600530, 668;
v0x55a330600530_669 .array/port v0x55a330600530, 669;
v0x55a330600530_670 .array/port v0x55a330600530, 670;
E_0x55a3305ce930/167 .event edge, v0x55a330600530_667, v0x55a330600530_668, v0x55a330600530_669, v0x55a330600530_670;
v0x55a330600530_671 .array/port v0x55a330600530, 671;
v0x55a330600530_672 .array/port v0x55a330600530, 672;
v0x55a330600530_673 .array/port v0x55a330600530, 673;
v0x55a330600530_674 .array/port v0x55a330600530, 674;
E_0x55a3305ce930/168 .event edge, v0x55a330600530_671, v0x55a330600530_672, v0x55a330600530_673, v0x55a330600530_674;
v0x55a330600530_675 .array/port v0x55a330600530, 675;
v0x55a330600530_676 .array/port v0x55a330600530, 676;
v0x55a330600530_677 .array/port v0x55a330600530, 677;
v0x55a330600530_678 .array/port v0x55a330600530, 678;
E_0x55a3305ce930/169 .event edge, v0x55a330600530_675, v0x55a330600530_676, v0x55a330600530_677, v0x55a330600530_678;
v0x55a330600530_679 .array/port v0x55a330600530, 679;
v0x55a330600530_680 .array/port v0x55a330600530, 680;
v0x55a330600530_681 .array/port v0x55a330600530, 681;
v0x55a330600530_682 .array/port v0x55a330600530, 682;
E_0x55a3305ce930/170 .event edge, v0x55a330600530_679, v0x55a330600530_680, v0x55a330600530_681, v0x55a330600530_682;
v0x55a330600530_683 .array/port v0x55a330600530, 683;
v0x55a330600530_684 .array/port v0x55a330600530, 684;
v0x55a330600530_685 .array/port v0x55a330600530, 685;
v0x55a330600530_686 .array/port v0x55a330600530, 686;
E_0x55a3305ce930/171 .event edge, v0x55a330600530_683, v0x55a330600530_684, v0x55a330600530_685, v0x55a330600530_686;
v0x55a330600530_687 .array/port v0x55a330600530, 687;
v0x55a330600530_688 .array/port v0x55a330600530, 688;
v0x55a330600530_689 .array/port v0x55a330600530, 689;
v0x55a330600530_690 .array/port v0x55a330600530, 690;
E_0x55a3305ce930/172 .event edge, v0x55a330600530_687, v0x55a330600530_688, v0x55a330600530_689, v0x55a330600530_690;
v0x55a330600530_691 .array/port v0x55a330600530, 691;
v0x55a330600530_692 .array/port v0x55a330600530, 692;
v0x55a330600530_693 .array/port v0x55a330600530, 693;
v0x55a330600530_694 .array/port v0x55a330600530, 694;
E_0x55a3305ce930/173 .event edge, v0x55a330600530_691, v0x55a330600530_692, v0x55a330600530_693, v0x55a330600530_694;
v0x55a330600530_695 .array/port v0x55a330600530, 695;
v0x55a330600530_696 .array/port v0x55a330600530, 696;
v0x55a330600530_697 .array/port v0x55a330600530, 697;
v0x55a330600530_698 .array/port v0x55a330600530, 698;
E_0x55a3305ce930/174 .event edge, v0x55a330600530_695, v0x55a330600530_696, v0x55a330600530_697, v0x55a330600530_698;
v0x55a330600530_699 .array/port v0x55a330600530, 699;
v0x55a330600530_700 .array/port v0x55a330600530, 700;
v0x55a330600530_701 .array/port v0x55a330600530, 701;
v0x55a330600530_702 .array/port v0x55a330600530, 702;
E_0x55a3305ce930/175 .event edge, v0x55a330600530_699, v0x55a330600530_700, v0x55a330600530_701, v0x55a330600530_702;
v0x55a330600530_703 .array/port v0x55a330600530, 703;
v0x55a330600530_704 .array/port v0x55a330600530, 704;
v0x55a330600530_705 .array/port v0x55a330600530, 705;
v0x55a330600530_706 .array/port v0x55a330600530, 706;
E_0x55a3305ce930/176 .event edge, v0x55a330600530_703, v0x55a330600530_704, v0x55a330600530_705, v0x55a330600530_706;
v0x55a330600530_707 .array/port v0x55a330600530, 707;
v0x55a330600530_708 .array/port v0x55a330600530, 708;
v0x55a330600530_709 .array/port v0x55a330600530, 709;
v0x55a330600530_710 .array/port v0x55a330600530, 710;
E_0x55a3305ce930/177 .event edge, v0x55a330600530_707, v0x55a330600530_708, v0x55a330600530_709, v0x55a330600530_710;
v0x55a330600530_711 .array/port v0x55a330600530, 711;
v0x55a330600530_712 .array/port v0x55a330600530, 712;
v0x55a330600530_713 .array/port v0x55a330600530, 713;
v0x55a330600530_714 .array/port v0x55a330600530, 714;
E_0x55a3305ce930/178 .event edge, v0x55a330600530_711, v0x55a330600530_712, v0x55a330600530_713, v0x55a330600530_714;
v0x55a330600530_715 .array/port v0x55a330600530, 715;
v0x55a330600530_716 .array/port v0x55a330600530, 716;
v0x55a330600530_717 .array/port v0x55a330600530, 717;
v0x55a330600530_718 .array/port v0x55a330600530, 718;
E_0x55a3305ce930/179 .event edge, v0x55a330600530_715, v0x55a330600530_716, v0x55a330600530_717, v0x55a330600530_718;
v0x55a330600530_719 .array/port v0x55a330600530, 719;
v0x55a330600530_720 .array/port v0x55a330600530, 720;
v0x55a330600530_721 .array/port v0x55a330600530, 721;
v0x55a330600530_722 .array/port v0x55a330600530, 722;
E_0x55a3305ce930/180 .event edge, v0x55a330600530_719, v0x55a330600530_720, v0x55a330600530_721, v0x55a330600530_722;
v0x55a330600530_723 .array/port v0x55a330600530, 723;
v0x55a330600530_724 .array/port v0x55a330600530, 724;
v0x55a330600530_725 .array/port v0x55a330600530, 725;
v0x55a330600530_726 .array/port v0x55a330600530, 726;
E_0x55a3305ce930/181 .event edge, v0x55a330600530_723, v0x55a330600530_724, v0x55a330600530_725, v0x55a330600530_726;
v0x55a330600530_727 .array/port v0x55a330600530, 727;
v0x55a330600530_728 .array/port v0x55a330600530, 728;
v0x55a330600530_729 .array/port v0x55a330600530, 729;
v0x55a330600530_730 .array/port v0x55a330600530, 730;
E_0x55a3305ce930/182 .event edge, v0x55a330600530_727, v0x55a330600530_728, v0x55a330600530_729, v0x55a330600530_730;
v0x55a330600530_731 .array/port v0x55a330600530, 731;
v0x55a330600530_732 .array/port v0x55a330600530, 732;
v0x55a330600530_733 .array/port v0x55a330600530, 733;
v0x55a330600530_734 .array/port v0x55a330600530, 734;
E_0x55a3305ce930/183 .event edge, v0x55a330600530_731, v0x55a330600530_732, v0x55a330600530_733, v0x55a330600530_734;
v0x55a330600530_735 .array/port v0x55a330600530, 735;
v0x55a330600530_736 .array/port v0x55a330600530, 736;
v0x55a330600530_737 .array/port v0x55a330600530, 737;
v0x55a330600530_738 .array/port v0x55a330600530, 738;
E_0x55a3305ce930/184 .event edge, v0x55a330600530_735, v0x55a330600530_736, v0x55a330600530_737, v0x55a330600530_738;
v0x55a330600530_739 .array/port v0x55a330600530, 739;
v0x55a330600530_740 .array/port v0x55a330600530, 740;
v0x55a330600530_741 .array/port v0x55a330600530, 741;
v0x55a330600530_742 .array/port v0x55a330600530, 742;
E_0x55a3305ce930/185 .event edge, v0x55a330600530_739, v0x55a330600530_740, v0x55a330600530_741, v0x55a330600530_742;
v0x55a330600530_743 .array/port v0x55a330600530, 743;
v0x55a330600530_744 .array/port v0x55a330600530, 744;
v0x55a330600530_745 .array/port v0x55a330600530, 745;
v0x55a330600530_746 .array/port v0x55a330600530, 746;
E_0x55a3305ce930/186 .event edge, v0x55a330600530_743, v0x55a330600530_744, v0x55a330600530_745, v0x55a330600530_746;
v0x55a330600530_747 .array/port v0x55a330600530, 747;
v0x55a330600530_748 .array/port v0x55a330600530, 748;
v0x55a330600530_749 .array/port v0x55a330600530, 749;
v0x55a330600530_750 .array/port v0x55a330600530, 750;
E_0x55a3305ce930/187 .event edge, v0x55a330600530_747, v0x55a330600530_748, v0x55a330600530_749, v0x55a330600530_750;
v0x55a330600530_751 .array/port v0x55a330600530, 751;
v0x55a330600530_752 .array/port v0x55a330600530, 752;
v0x55a330600530_753 .array/port v0x55a330600530, 753;
v0x55a330600530_754 .array/port v0x55a330600530, 754;
E_0x55a3305ce930/188 .event edge, v0x55a330600530_751, v0x55a330600530_752, v0x55a330600530_753, v0x55a330600530_754;
v0x55a330600530_755 .array/port v0x55a330600530, 755;
v0x55a330600530_756 .array/port v0x55a330600530, 756;
v0x55a330600530_757 .array/port v0x55a330600530, 757;
v0x55a330600530_758 .array/port v0x55a330600530, 758;
E_0x55a3305ce930/189 .event edge, v0x55a330600530_755, v0x55a330600530_756, v0x55a330600530_757, v0x55a330600530_758;
v0x55a330600530_759 .array/port v0x55a330600530, 759;
v0x55a330600530_760 .array/port v0x55a330600530, 760;
v0x55a330600530_761 .array/port v0x55a330600530, 761;
v0x55a330600530_762 .array/port v0x55a330600530, 762;
E_0x55a3305ce930/190 .event edge, v0x55a330600530_759, v0x55a330600530_760, v0x55a330600530_761, v0x55a330600530_762;
v0x55a330600530_763 .array/port v0x55a330600530, 763;
v0x55a330600530_764 .array/port v0x55a330600530, 764;
v0x55a330600530_765 .array/port v0x55a330600530, 765;
v0x55a330600530_766 .array/port v0x55a330600530, 766;
E_0x55a3305ce930/191 .event edge, v0x55a330600530_763, v0x55a330600530_764, v0x55a330600530_765, v0x55a330600530_766;
v0x55a330600530_767 .array/port v0x55a330600530, 767;
v0x55a330600530_768 .array/port v0x55a330600530, 768;
v0x55a330600530_769 .array/port v0x55a330600530, 769;
v0x55a330600530_770 .array/port v0x55a330600530, 770;
E_0x55a3305ce930/192 .event edge, v0x55a330600530_767, v0x55a330600530_768, v0x55a330600530_769, v0x55a330600530_770;
v0x55a330600530_771 .array/port v0x55a330600530, 771;
v0x55a330600530_772 .array/port v0x55a330600530, 772;
v0x55a330600530_773 .array/port v0x55a330600530, 773;
v0x55a330600530_774 .array/port v0x55a330600530, 774;
E_0x55a3305ce930/193 .event edge, v0x55a330600530_771, v0x55a330600530_772, v0x55a330600530_773, v0x55a330600530_774;
v0x55a330600530_775 .array/port v0x55a330600530, 775;
v0x55a330600530_776 .array/port v0x55a330600530, 776;
v0x55a330600530_777 .array/port v0x55a330600530, 777;
v0x55a330600530_778 .array/port v0x55a330600530, 778;
E_0x55a3305ce930/194 .event edge, v0x55a330600530_775, v0x55a330600530_776, v0x55a330600530_777, v0x55a330600530_778;
v0x55a330600530_779 .array/port v0x55a330600530, 779;
v0x55a330600530_780 .array/port v0x55a330600530, 780;
v0x55a330600530_781 .array/port v0x55a330600530, 781;
v0x55a330600530_782 .array/port v0x55a330600530, 782;
E_0x55a3305ce930/195 .event edge, v0x55a330600530_779, v0x55a330600530_780, v0x55a330600530_781, v0x55a330600530_782;
v0x55a330600530_783 .array/port v0x55a330600530, 783;
v0x55a330600530_784 .array/port v0x55a330600530, 784;
v0x55a330600530_785 .array/port v0x55a330600530, 785;
v0x55a330600530_786 .array/port v0x55a330600530, 786;
E_0x55a3305ce930/196 .event edge, v0x55a330600530_783, v0x55a330600530_784, v0x55a330600530_785, v0x55a330600530_786;
v0x55a330600530_787 .array/port v0x55a330600530, 787;
v0x55a330600530_788 .array/port v0x55a330600530, 788;
v0x55a330600530_789 .array/port v0x55a330600530, 789;
v0x55a330600530_790 .array/port v0x55a330600530, 790;
E_0x55a3305ce930/197 .event edge, v0x55a330600530_787, v0x55a330600530_788, v0x55a330600530_789, v0x55a330600530_790;
v0x55a330600530_791 .array/port v0x55a330600530, 791;
v0x55a330600530_792 .array/port v0x55a330600530, 792;
v0x55a330600530_793 .array/port v0x55a330600530, 793;
v0x55a330600530_794 .array/port v0x55a330600530, 794;
E_0x55a3305ce930/198 .event edge, v0x55a330600530_791, v0x55a330600530_792, v0x55a330600530_793, v0x55a330600530_794;
v0x55a330600530_795 .array/port v0x55a330600530, 795;
v0x55a330600530_796 .array/port v0x55a330600530, 796;
v0x55a330600530_797 .array/port v0x55a330600530, 797;
v0x55a330600530_798 .array/port v0x55a330600530, 798;
E_0x55a3305ce930/199 .event edge, v0x55a330600530_795, v0x55a330600530_796, v0x55a330600530_797, v0x55a330600530_798;
v0x55a330600530_799 .array/port v0x55a330600530, 799;
v0x55a330600530_800 .array/port v0x55a330600530, 800;
v0x55a330600530_801 .array/port v0x55a330600530, 801;
v0x55a330600530_802 .array/port v0x55a330600530, 802;
E_0x55a3305ce930/200 .event edge, v0x55a330600530_799, v0x55a330600530_800, v0x55a330600530_801, v0x55a330600530_802;
v0x55a330600530_803 .array/port v0x55a330600530, 803;
v0x55a330600530_804 .array/port v0x55a330600530, 804;
v0x55a330600530_805 .array/port v0x55a330600530, 805;
v0x55a330600530_806 .array/port v0x55a330600530, 806;
E_0x55a3305ce930/201 .event edge, v0x55a330600530_803, v0x55a330600530_804, v0x55a330600530_805, v0x55a330600530_806;
v0x55a330600530_807 .array/port v0x55a330600530, 807;
v0x55a330600530_808 .array/port v0x55a330600530, 808;
v0x55a330600530_809 .array/port v0x55a330600530, 809;
v0x55a330600530_810 .array/port v0x55a330600530, 810;
E_0x55a3305ce930/202 .event edge, v0x55a330600530_807, v0x55a330600530_808, v0x55a330600530_809, v0x55a330600530_810;
v0x55a330600530_811 .array/port v0x55a330600530, 811;
v0x55a330600530_812 .array/port v0x55a330600530, 812;
v0x55a330600530_813 .array/port v0x55a330600530, 813;
v0x55a330600530_814 .array/port v0x55a330600530, 814;
E_0x55a3305ce930/203 .event edge, v0x55a330600530_811, v0x55a330600530_812, v0x55a330600530_813, v0x55a330600530_814;
v0x55a330600530_815 .array/port v0x55a330600530, 815;
v0x55a330600530_816 .array/port v0x55a330600530, 816;
v0x55a330600530_817 .array/port v0x55a330600530, 817;
v0x55a330600530_818 .array/port v0x55a330600530, 818;
E_0x55a3305ce930/204 .event edge, v0x55a330600530_815, v0x55a330600530_816, v0x55a330600530_817, v0x55a330600530_818;
v0x55a330600530_819 .array/port v0x55a330600530, 819;
v0x55a330600530_820 .array/port v0x55a330600530, 820;
v0x55a330600530_821 .array/port v0x55a330600530, 821;
v0x55a330600530_822 .array/port v0x55a330600530, 822;
E_0x55a3305ce930/205 .event edge, v0x55a330600530_819, v0x55a330600530_820, v0x55a330600530_821, v0x55a330600530_822;
v0x55a330600530_823 .array/port v0x55a330600530, 823;
v0x55a330600530_824 .array/port v0x55a330600530, 824;
v0x55a330600530_825 .array/port v0x55a330600530, 825;
v0x55a330600530_826 .array/port v0x55a330600530, 826;
E_0x55a3305ce930/206 .event edge, v0x55a330600530_823, v0x55a330600530_824, v0x55a330600530_825, v0x55a330600530_826;
v0x55a330600530_827 .array/port v0x55a330600530, 827;
v0x55a330600530_828 .array/port v0x55a330600530, 828;
v0x55a330600530_829 .array/port v0x55a330600530, 829;
v0x55a330600530_830 .array/port v0x55a330600530, 830;
E_0x55a3305ce930/207 .event edge, v0x55a330600530_827, v0x55a330600530_828, v0x55a330600530_829, v0x55a330600530_830;
v0x55a330600530_831 .array/port v0x55a330600530, 831;
v0x55a330600530_832 .array/port v0x55a330600530, 832;
v0x55a330600530_833 .array/port v0x55a330600530, 833;
v0x55a330600530_834 .array/port v0x55a330600530, 834;
E_0x55a3305ce930/208 .event edge, v0x55a330600530_831, v0x55a330600530_832, v0x55a330600530_833, v0x55a330600530_834;
v0x55a330600530_835 .array/port v0x55a330600530, 835;
v0x55a330600530_836 .array/port v0x55a330600530, 836;
v0x55a330600530_837 .array/port v0x55a330600530, 837;
v0x55a330600530_838 .array/port v0x55a330600530, 838;
E_0x55a3305ce930/209 .event edge, v0x55a330600530_835, v0x55a330600530_836, v0x55a330600530_837, v0x55a330600530_838;
v0x55a330600530_839 .array/port v0x55a330600530, 839;
v0x55a330600530_840 .array/port v0x55a330600530, 840;
v0x55a330600530_841 .array/port v0x55a330600530, 841;
v0x55a330600530_842 .array/port v0x55a330600530, 842;
E_0x55a3305ce930/210 .event edge, v0x55a330600530_839, v0x55a330600530_840, v0x55a330600530_841, v0x55a330600530_842;
v0x55a330600530_843 .array/port v0x55a330600530, 843;
v0x55a330600530_844 .array/port v0x55a330600530, 844;
v0x55a330600530_845 .array/port v0x55a330600530, 845;
v0x55a330600530_846 .array/port v0x55a330600530, 846;
E_0x55a3305ce930/211 .event edge, v0x55a330600530_843, v0x55a330600530_844, v0x55a330600530_845, v0x55a330600530_846;
v0x55a330600530_847 .array/port v0x55a330600530, 847;
v0x55a330600530_848 .array/port v0x55a330600530, 848;
v0x55a330600530_849 .array/port v0x55a330600530, 849;
v0x55a330600530_850 .array/port v0x55a330600530, 850;
E_0x55a3305ce930/212 .event edge, v0x55a330600530_847, v0x55a330600530_848, v0x55a330600530_849, v0x55a330600530_850;
v0x55a330600530_851 .array/port v0x55a330600530, 851;
v0x55a330600530_852 .array/port v0x55a330600530, 852;
v0x55a330600530_853 .array/port v0x55a330600530, 853;
v0x55a330600530_854 .array/port v0x55a330600530, 854;
E_0x55a3305ce930/213 .event edge, v0x55a330600530_851, v0x55a330600530_852, v0x55a330600530_853, v0x55a330600530_854;
v0x55a330600530_855 .array/port v0x55a330600530, 855;
v0x55a330600530_856 .array/port v0x55a330600530, 856;
v0x55a330600530_857 .array/port v0x55a330600530, 857;
v0x55a330600530_858 .array/port v0x55a330600530, 858;
E_0x55a3305ce930/214 .event edge, v0x55a330600530_855, v0x55a330600530_856, v0x55a330600530_857, v0x55a330600530_858;
v0x55a330600530_859 .array/port v0x55a330600530, 859;
v0x55a330600530_860 .array/port v0x55a330600530, 860;
v0x55a330600530_861 .array/port v0x55a330600530, 861;
v0x55a330600530_862 .array/port v0x55a330600530, 862;
E_0x55a3305ce930/215 .event edge, v0x55a330600530_859, v0x55a330600530_860, v0x55a330600530_861, v0x55a330600530_862;
v0x55a330600530_863 .array/port v0x55a330600530, 863;
v0x55a330600530_864 .array/port v0x55a330600530, 864;
v0x55a330600530_865 .array/port v0x55a330600530, 865;
v0x55a330600530_866 .array/port v0x55a330600530, 866;
E_0x55a3305ce930/216 .event edge, v0x55a330600530_863, v0x55a330600530_864, v0x55a330600530_865, v0x55a330600530_866;
v0x55a330600530_867 .array/port v0x55a330600530, 867;
v0x55a330600530_868 .array/port v0x55a330600530, 868;
v0x55a330600530_869 .array/port v0x55a330600530, 869;
v0x55a330600530_870 .array/port v0x55a330600530, 870;
E_0x55a3305ce930/217 .event edge, v0x55a330600530_867, v0x55a330600530_868, v0x55a330600530_869, v0x55a330600530_870;
v0x55a330600530_871 .array/port v0x55a330600530, 871;
v0x55a330600530_872 .array/port v0x55a330600530, 872;
v0x55a330600530_873 .array/port v0x55a330600530, 873;
v0x55a330600530_874 .array/port v0x55a330600530, 874;
E_0x55a3305ce930/218 .event edge, v0x55a330600530_871, v0x55a330600530_872, v0x55a330600530_873, v0x55a330600530_874;
v0x55a330600530_875 .array/port v0x55a330600530, 875;
v0x55a330600530_876 .array/port v0x55a330600530, 876;
v0x55a330600530_877 .array/port v0x55a330600530, 877;
v0x55a330600530_878 .array/port v0x55a330600530, 878;
E_0x55a3305ce930/219 .event edge, v0x55a330600530_875, v0x55a330600530_876, v0x55a330600530_877, v0x55a330600530_878;
v0x55a330600530_879 .array/port v0x55a330600530, 879;
v0x55a330600530_880 .array/port v0x55a330600530, 880;
v0x55a330600530_881 .array/port v0x55a330600530, 881;
v0x55a330600530_882 .array/port v0x55a330600530, 882;
E_0x55a3305ce930/220 .event edge, v0x55a330600530_879, v0x55a330600530_880, v0x55a330600530_881, v0x55a330600530_882;
v0x55a330600530_883 .array/port v0x55a330600530, 883;
v0x55a330600530_884 .array/port v0x55a330600530, 884;
v0x55a330600530_885 .array/port v0x55a330600530, 885;
v0x55a330600530_886 .array/port v0x55a330600530, 886;
E_0x55a3305ce930/221 .event edge, v0x55a330600530_883, v0x55a330600530_884, v0x55a330600530_885, v0x55a330600530_886;
v0x55a330600530_887 .array/port v0x55a330600530, 887;
v0x55a330600530_888 .array/port v0x55a330600530, 888;
v0x55a330600530_889 .array/port v0x55a330600530, 889;
v0x55a330600530_890 .array/port v0x55a330600530, 890;
E_0x55a3305ce930/222 .event edge, v0x55a330600530_887, v0x55a330600530_888, v0x55a330600530_889, v0x55a330600530_890;
v0x55a330600530_891 .array/port v0x55a330600530, 891;
v0x55a330600530_892 .array/port v0x55a330600530, 892;
v0x55a330600530_893 .array/port v0x55a330600530, 893;
v0x55a330600530_894 .array/port v0x55a330600530, 894;
E_0x55a3305ce930/223 .event edge, v0x55a330600530_891, v0x55a330600530_892, v0x55a330600530_893, v0x55a330600530_894;
v0x55a330600530_895 .array/port v0x55a330600530, 895;
v0x55a330600530_896 .array/port v0x55a330600530, 896;
v0x55a330600530_897 .array/port v0x55a330600530, 897;
v0x55a330600530_898 .array/port v0x55a330600530, 898;
E_0x55a3305ce930/224 .event edge, v0x55a330600530_895, v0x55a330600530_896, v0x55a330600530_897, v0x55a330600530_898;
v0x55a330600530_899 .array/port v0x55a330600530, 899;
v0x55a330600530_900 .array/port v0x55a330600530, 900;
v0x55a330600530_901 .array/port v0x55a330600530, 901;
v0x55a330600530_902 .array/port v0x55a330600530, 902;
E_0x55a3305ce930/225 .event edge, v0x55a330600530_899, v0x55a330600530_900, v0x55a330600530_901, v0x55a330600530_902;
v0x55a330600530_903 .array/port v0x55a330600530, 903;
v0x55a330600530_904 .array/port v0x55a330600530, 904;
v0x55a330600530_905 .array/port v0x55a330600530, 905;
v0x55a330600530_906 .array/port v0x55a330600530, 906;
E_0x55a3305ce930/226 .event edge, v0x55a330600530_903, v0x55a330600530_904, v0x55a330600530_905, v0x55a330600530_906;
v0x55a330600530_907 .array/port v0x55a330600530, 907;
v0x55a330600530_908 .array/port v0x55a330600530, 908;
v0x55a330600530_909 .array/port v0x55a330600530, 909;
v0x55a330600530_910 .array/port v0x55a330600530, 910;
E_0x55a3305ce930/227 .event edge, v0x55a330600530_907, v0x55a330600530_908, v0x55a330600530_909, v0x55a330600530_910;
v0x55a330600530_911 .array/port v0x55a330600530, 911;
v0x55a330600530_912 .array/port v0x55a330600530, 912;
v0x55a330600530_913 .array/port v0x55a330600530, 913;
v0x55a330600530_914 .array/port v0x55a330600530, 914;
E_0x55a3305ce930/228 .event edge, v0x55a330600530_911, v0x55a330600530_912, v0x55a330600530_913, v0x55a330600530_914;
v0x55a330600530_915 .array/port v0x55a330600530, 915;
v0x55a330600530_916 .array/port v0x55a330600530, 916;
v0x55a330600530_917 .array/port v0x55a330600530, 917;
v0x55a330600530_918 .array/port v0x55a330600530, 918;
E_0x55a3305ce930/229 .event edge, v0x55a330600530_915, v0x55a330600530_916, v0x55a330600530_917, v0x55a330600530_918;
v0x55a330600530_919 .array/port v0x55a330600530, 919;
v0x55a330600530_920 .array/port v0x55a330600530, 920;
v0x55a330600530_921 .array/port v0x55a330600530, 921;
v0x55a330600530_922 .array/port v0x55a330600530, 922;
E_0x55a3305ce930/230 .event edge, v0x55a330600530_919, v0x55a330600530_920, v0x55a330600530_921, v0x55a330600530_922;
v0x55a330600530_923 .array/port v0x55a330600530, 923;
v0x55a330600530_924 .array/port v0x55a330600530, 924;
v0x55a330600530_925 .array/port v0x55a330600530, 925;
v0x55a330600530_926 .array/port v0x55a330600530, 926;
E_0x55a3305ce930/231 .event edge, v0x55a330600530_923, v0x55a330600530_924, v0x55a330600530_925, v0x55a330600530_926;
v0x55a330600530_927 .array/port v0x55a330600530, 927;
v0x55a330600530_928 .array/port v0x55a330600530, 928;
v0x55a330600530_929 .array/port v0x55a330600530, 929;
v0x55a330600530_930 .array/port v0x55a330600530, 930;
E_0x55a3305ce930/232 .event edge, v0x55a330600530_927, v0x55a330600530_928, v0x55a330600530_929, v0x55a330600530_930;
v0x55a330600530_931 .array/port v0x55a330600530, 931;
v0x55a330600530_932 .array/port v0x55a330600530, 932;
v0x55a330600530_933 .array/port v0x55a330600530, 933;
v0x55a330600530_934 .array/port v0x55a330600530, 934;
E_0x55a3305ce930/233 .event edge, v0x55a330600530_931, v0x55a330600530_932, v0x55a330600530_933, v0x55a330600530_934;
v0x55a330600530_935 .array/port v0x55a330600530, 935;
v0x55a330600530_936 .array/port v0x55a330600530, 936;
v0x55a330600530_937 .array/port v0x55a330600530, 937;
v0x55a330600530_938 .array/port v0x55a330600530, 938;
E_0x55a3305ce930/234 .event edge, v0x55a330600530_935, v0x55a330600530_936, v0x55a330600530_937, v0x55a330600530_938;
v0x55a330600530_939 .array/port v0x55a330600530, 939;
v0x55a330600530_940 .array/port v0x55a330600530, 940;
v0x55a330600530_941 .array/port v0x55a330600530, 941;
v0x55a330600530_942 .array/port v0x55a330600530, 942;
E_0x55a3305ce930/235 .event edge, v0x55a330600530_939, v0x55a330600530_940, v0x55a330600530_941, v0x55a330600530_942;
v0x55a330600530_943 .array/port v0x55a330600530, 943;
v0x55a330600530_944 .array/port v0x55a330600530, 944;
v0x55a330600530_945 .array/port v0x55a330600530, 945;
v0x55a330600530_946 .array/port v0x55a330600530, 946;
E_0x55a3305ce930/236 .event edge, v0x55a330600530_943, v0x55a330600530_944, v0x55a330600530_945, v0x55a330600530_946;
v0x55a330600530_947 .array/port v0x55a330600530, 947;
v0x55a330600530_948 .array/port v0x55a330600530, 948;
v0x55a330600530_949 .array/port v0x55a330600530, 949;
v0x55a330600530_950 .array/port v0x55a330600530, 950;
E_0x55a3305ce930/237 .event edge, v0x55a330600530_947, v0x55a330600530_948, v0x55a330600530_949, v0x55a330600530_950;
v0x55a330600530_951 .array/port v0x55a330600530, 951;
v0x55a330600530_952 .array/port v0x55a330600530, 952;
v0x55a330600530_953 .array/port v0x55a330600530, 953;
v0x55a330600530_954 .array/port v0x55a330600530, 954;
E_0x55a3305ce930/238 .event edge, v0x55a330600530_951, v0x55a330600530_952, v0x55a330600530_953, v0x55a330600530_954;
v0x55a330600530_955 .array/port v0x55a330600530, 955;
v0x55a330600530_956 .array/port v0x55a330600530, 956;
v0x55a330600530_957 .array/port v0x55a330600530, 957;
v0x55a330600530_958 .array/port v0x55a330600530, 958;
E_0x55a3305ce930/239 .event edge, v0x55a330600530_955, v0x55a330600530_956, v0x55a330600530_957, v0x55a330600530_958;
v0x55a330600530_959 .array/port v0x55a330600530, 959;
v0x55a330600530_960 .array/port v0x55a330600530, 960;
v0x55a330600530_961 .array/port v0x55a330600530, 961;
v0x55a330600530_962 .array/port v0x55a330600530, 962;
E_0x55a3305ce930/240 .event edge, v0x55a330600530_959, v0x55a330600530_960, v0x55a330600530_961, v0x55a330600530_962;
v0x55a330600530_963 .array/port v0x55a330600530, 963;
v0x55a330600530_964 .array/port v0x55a330600530, 964;
v0x55a330600530_965 .array/port v0x55a330600530, 965;
v0x55a330600530_966 .array/port v0x55a330600530, 966;
E_0x55a3305ce930/241 .event edge, v0x55a330600530_963, v0x55a330600530_964, v0x55a330600530_965, v0x55a330600530_966;
v0x55a330600530_967 .array/port v0x55a330600530, 967;
v0x55a330600530_968 .array/port v0x55a330600530, 968;
v0x55a330600530_969 .array/port v0x55a330600530, 969;
v0x55a330600530_970 .array/port v0x55a330600530, 970;
E_0x55a3305ce930/242 .event edge, v0x55a330600530_967, v0x55a330600530_968, v0x55a330600530_969, v0x55a330600530_970;
v0x55a330600530_971 .array/port v0x55a330600530, 971;
v0x55a330600530_972 .array/port v0x55a330600530, 972;
v0x55a330600530_973 .array/port v0x55a330600530, 973;
v0x55a330600530_974 .array/port v0x55a330600530, 974;
E_0x55a3305ce930/243 .event edge, v0x55a330600530_971, v0x55a330600530_972, v0x55a330600530_973, v0x55a330600530_974;
v0x55a330600530_975 .array/port v0x55a330600530, 975;
v0x55a330600530_976 .array/port v0x55a330600530, 976;
v0x55a330600530_977 .array/port v0x55a330600530, 977;
v0x55a330600530_978 .array/port v0x55a330600530, 978;
E_0x55a3305ce930/244 .event edge, v0x55a330600530_975, v0x55a330600530_976, v0x55a330600530_977, v0x55a330600530_978;
v0x55a330600530_979 .array/port v0x55a330600530, 979;
v0x55a330600530_980 .array/port v0x55a330600530, 980;
v0x55a330600530_981 .array/port v0x55a330600530, 981;
v0x55a330600530_982 .array/port v0x55a330600530, 982;
E_0x55a3305ce930/245 .event edge, v0x55a330600530_979, v0x55a330600530_980, v0x55a330600530_981, v0x55a330600530_982;
v0x55a330600530_983 .array/port v0x55a330600530, 983;
v0x55a330600530_984 .array/port v0x55a330600530, 984;
v0x55a330600530_985 .array/port v0x55a330600530, 985;
v0x55a330600530_986 .array/port v0x55a330600530, 986;
E_0x55a3305ce930/246 .event edge, v0x55a330600530_983, v0x55a330600530_984, v0x55a330600530_985, v0x55a330600530_986;
v0x55a330600530_987 .array/port v0x55a330600530, 987;
v0x55a330600530_988 .array/port v0x55a330600530, 988;
v0x55a330600530_989 .array/port v0x55a330600530, 989;
v0x55a330600530_990 .array/port v0x55a330600530, 990;
E_0x55a3305ce930/247 .event edge, v0x55a330600530_987, v0x55a330600530_988, v0x55a330600530_989, v0x55a330600530_990;
v0x55a330600530_991 .array/port v0x55a330600530, 991;
v0x55a330600530_992 .array/port v0x55a330600530, 992;
v0x55a330600530_993 .array/port v0x55a330600530, 993;
v0x55a330600530_994 .array/port v0x55a330600530, 994;
E_0x55a3305ce930/248 .event edge, v0x55a330600530_991, v0x55a330600530_992, v0x55a330600530_993, v0x55a330600530_994;
v0x55a330600530_995 .array/port v0x55a330600530, 995;
v0x55a330600530_996 .array/port v0x55a330600530, 996;
v0x55a330600530_997 .array/port v0x55a330600530, 997;
v0x55a330600530_998 .array/port v0x55a330600530, 998;
E_0x55a3305ce930/249 .event edge, v0x55a330600530_995, v0x55a330600530_996, v0x55a330600530_997, v0x55a330600530_998;
v0x55a330600530_999 .array/port v0x55a330600530, 999;
v0x55a330600530_1000 .array/port v0x55a330600530, 1000;
v0x55a330600530_1001 .array/port v0x55a330600530, 1001;
v0x55a330600530_1002 .array/port v0x55a330600530, 1002;
E_0x55a3305ce930/250 .event edge, v0x55a330600530_999, v0x55a330600530_1000, v0x55a330600530_1001, v0x55a330600530_1002;
v0x55a330600530_1003 .array/port v0x55a330600530, 1003;
v0x55a330600530_1004 .array/port v0x55a330600530, 1004;
v0x55a330600530_1005 .array/port v0x55a330600530, 1005;
v0x55a330600530_1006 .array/port v0x55a330600530, 1006;
E_0x55a3305ce930/251 .event edge, v0x55a330600530_1003, v0x55a330600530_1004, v0x55a330600530_1005, v0x55a330600530_1006;
v0x55a330600530_1007 .array/port v0x55a330600530, 1007;
v0x55a330600530_1008 .array/port v0x55a330600530, 1008;
v0x55a330600530_1009 .array/port v0x55a330600530, 1009;
v0x55a330600530_1010 .array/port v0x55a330600530, 1010;
E_0x55a3305ce930/252 .event edge, v0x55a330600530_1007, v0x55a330600530_1008, v0x55a330600530_1009, v0x55a330600530_1010;
v0x55a330600530_1011 .array/port v0x55a330600530, 1011;
v0x55a330600530_1012 .array/port v0x55a330600530, 1012;
v0x55a330600530_1013 .array/port v0x55a330600530, 1013;
v0x55a330600530_1014 .array/port v0x55a330600530, 1014;
E_0x55a3305ce930/253 .event edge, v0x55a330600530_1011, v0x55a330600530_1012, v0x55a330600530_1013, v0x55a330600530_1014;
v0x55a330600530_1015 .array/port v0x55a330600530, 1015;
v0x55a330600530_1016 .array/port v0x55a330600530, 1016;
v0x55a330600530_1017 .array/port v0x55a330600530, 1017;
v0x55a330600530_1018 .array/port v0x55a330600530, 1018;
E_0x55a3305ce930/254 .event edge, v0x55a330600530_1015, v0x55a330600530_1016, v0x55a330600530_1017, v0x55a330600530_1018;
v0x55a330600530_1019 .array/port v0x55a330600530, 1019;
v0x55a330600530_1020 .array/port v0x55a330600530, 1020;
v0x55a330600530_1021 .array/port v0x55a330600530, 1021;
v0x55a330600530_1022 .array/port v0x55a330600530, 1022;
E_0x55a3305ce930/255 .event edge, v0x55a330600530_1019, v0x55a330600530_1020, v0x55a330600530_1021, v0x55a330600530_1022;
v0x55a330600530_1023 .array/port v0x55a330600530, 1023;
E_0x55a3305ce930/256 .event edge, v0x55a330600530_1023;
E_0x55a3305ce930 .event/or E_0x55a3305ce930/0, E_0x55a3305ce930/1, E_0x55a3305ce930/2, E_0x55a3305ce930/3, E_0x55a3305ce930/4, E_0x55a3305ce930/5, E_0x55a3305ce930/6, E_0x55a3305ce930/7, E_0x55a3305ce930/8, E_0x55a3305ce930/9, E_0x55a3305ce930/10, E_0x55a3305ce930/11, E_0x55a3305ce930/12, E_0x55a3305ce930/13, E_0x55a3305ce930/14, E_0x55a3305ce930/15, E_0x55a3305ce930/16, E_0x55a3305ce930/17, E_0x55a3305ce930/18, E_0x55a3305ce930/19, E_0x55a3305ce930/20, E_0x55a3305ce930/21, E_0x55a3305ce930/22, E_0x55a3305ce930/23, E_0x55a3305ce930/24, E_0x55a3305ce930/25, E_0x55a3305ce930/26, E_0x55a3305ce930/27, E_0x55a3305ce930/28, E_0x55a3305ce930/29, E_0x55a3305ce930/30, E_0x55a3305ce930/31, E_0x55a3305ce930/32, E_0x55a3305ce930/33, E_0x55a3305ce930/34, E_0x55a3305ce930/35, E_0x55a3305ce930/36, E_0x55a3305ce930/37, E_0x55a3305ce930/38, E_0x55a3305ce930/39, E_0x55a3305ce930/40, E_0x55a3305ce930/41, E_0x55a3305ce930/42, E_0x55a3305ce930/43, E_0x55a3305ce930/44, E_0x55a3305ce930/45, E_0x55a3305ce930/46, E_0x55a3305ce930/47, E_0x55a3305ce930/48, E_0x55a3305ce930/49, E_0x55a3305ce930/50, E_0x55a3305ce930/51, E_0x55a3305ce930/52, E_0x55a3305ce930/53, E_0x55a3305ce930/54, E_0x55a3305ce930/55, E_0x55a3305ce930/56, E_0x55a3305ce930/57, E_0x55a3305ce930/58, E_0x55a3305ce930/59, E_0x55a3305ce930/60, E_0x55a3305ce930/61, E_0x55a3305ce930/62, E_0x55a3305ce930/63, E_0x55a3305ce930/64, E_0x55a3305ce930/65, E_0x55a3305ce930/66, E_0x55a3305ce930/67, E_0x55a3305ce930/68, E_0x55a3305ce930/69, E_0x55a3305ce930/70, E_0x55a3305ce930/71, E_0x55a3305ce930/72, E_0x55a3305ce930/73, E_0x55a3305ce930/74, E_0x55a3305ce930/75, E_0x55a3305ce930/76, E_0x55a3305ce930/77, E_0x55a3305ce930/78, E_0x55a3305ce930/79, E_0x55a3305ce930/80, E_0x55a3305ce930/81, E_0x55a3305ce930/82, E_0x55a3305ce930/83, E_0x55a3305ce930/84, E_0x55a3305ce930/85, E_0x55a3305ce930/86, E_0x55a3305ce930/87, E_0x55a3305ce930/88, E_0x55a3305ce930/89, E_0x55a3305ce930/90, E_0x55a3305ce930/91, E_0x55a3305ce930/92, E_0x55a3305ce930/93, E_0x55a3305ce930/94, E_0x55a3305ce930/95, E_0x55a3305ce930/96, E_0x55a3305ce930/97, E_0x55a3305ce930/98, E_0x55a3305ce930/99, E_0x55a3305ce930/100, E_0x55a3305ce930/101, E_0x55a3305ce930/102, E_0x55a3305ce930/103, E_0x55a3305ce930/104, E_0x55a3305ce930/105, E_0x55a3305ce930/106, E_0x55a3305ce930/107, E_0x55a3305ce930/108, E_0x55a3305ce930/109, E_0x55a3305ce930/110, E_0x55a3305ce930/111, E_0x55a3305ce930/112, E_0x55a3305ce930/113, E_0x55a3305ce930/114, E_0x55a3305ce930/115, E_0x55a3305ce930/116, E_0x55a3305ce930/117, E_0x55a3305ce930/118, E_0x55a3305ce930/119, E_0x55a3305ce930/120, E_0x55a3305ce930/121, E_0x55a3305ce930/122, E_0x55a3305ce930/123, E_0x55a3305ce930/124, E_0x55a3305ce930/125, E_0x55a3305ce930/126, E_0x55a3305ce930/127, E_0x55a3305ce930/128, E_0x55a3305ce930/129, E_0x55a3305ce930/130, E_0x55a3305ce930/131, E_0x55a3305ce930/132, E_0x55a3305ce930/133, E_0x55a3305ce930/134, E_0x55a3305ce930/135, E_0x55a3305ce930/136, E_0x55a3305ce930/137, E_0x55a3305ce930/138, E_0x55a3305ce930/139, E_0x55a3305ce930/140, E_0x55a3305ce930/141, E_0x55a3305ce930/142, E_0x55a3305ce930/143, E_0x55a3305ce930/144, E_0x55a3305ce930/145, E_0x55a3305ce930/146, E_0x55a3305ce930/147, E_0x55a3305ce930/148, E_0x55a3305ce930/149, E_0x55a3305ce930/150, E_0x55a3305ce930/151, E_0x55a3305ce930/152, E_0x55a3305ce930/153, E_0x55a3305ce930/154, E_0x55a3305ce930/155, E_0x55a3305ce930/156, E_0x55a3305ce930/157, E_0x55a3305ce930/158, E_0x55a3305ce930/159, E_0x55a3305ce930/160, E_0x55a3305ce930/161, E_0x55a3305ce930/162, E_0x55a3305ce930/163, E_0x55a3305ce930/164, E_0x55a3305ce930/165, E_0x55a3305ce930/166, E_0x55a3305ce930/167, E_0x55a3305ce930/168, E_0x55a3305ce930/169, E_0x55a3305ce930/170, E_0x55a3305ce930/171, E_0x55a3305ce930/172, E_0x55a3305ce930/173, E_0x55a3305ce930/174, E_0x55a3305ce930/175, E_0x55a3305ce930/176, E_0x55a3305ce930/177, E_0x55a3305ce930/178, E_0x55a3305ce930/179, E_0x55a3305ce930/180, E_0x55a3305ce930/181, E_0x55a3305ce930/182, E_0x55a3305ce930/183, E_0x55a3305ce930/184, E_0x55a3305ce930/185, E_0x55a3305ce930/186, E_0x55a3305ce930/187, E_0x55a3305ce930/188, E_0x55a3305ce930/189, E_0x55a3305ce930/190, E_0x55a3305ce930/191, E_0x55a3305ce930/192, E_0x55a3305ce930/193, E_0x55a3305ce930/194, E_0x55a3305ce930/195, E_0x55a3305ce930/196, E_0x55a3305ce930/197, E_0x55a3305ce930/198, E_0x55a3305ce930/199, E_0x55a3305ce930/200, E_0x55a3305ce930/201, E_0x55a3305ce930/202, E_0x55a3305ce930/203, E_0x55a3305ce930/204, E_0x55a3305ce930/205, E_0x55a3305ce930/206, E_0x55a3305ce930/207, E_0x55a3305ce930/208, E_0x55a3305ce930/209, E_0x55a3305ce930/210, E_0x55a3305ce930/211, E_0x55a3305ce930/212, E_0x55a3305ce930/213, E_0x55a3305ce930/214, E_0x55a3305ce930/215, E_0x55a3305ce930/216, E_0x55a3305ce930/217, E_0x55a3305ce930/218, E_0x55a3305ce930/219, E_0x55a3305ce930/220, E_0x55a3305ce930/221, E_0x55a3305ce930/222, E_0x55a3305ce930/223, E_0x55a3305ce930/224, E_0x55a3305ce930/225, E_0x55a3305ce930/226, E_0x55a3305ce930/227, E_0x55a3305ce930/228, E_0x55a3305ce930/229, E_0x55a3305ce930/230, E_0x55a3305ce930/231, E_0x55a3305ce930/232, E_0x55a3305ce930/233, E_0x55a3305ce930/234, E_0x55a3305ce930/235, E_0x55a3305ce930/236, E_0x55a3305ce930/237, E_0x55a3305ce930/238, E_0x55a3305ce930/239, E_0x55a3305ce930/240, E_0x55a3305ce930/241, E_0x55a3305ce930/242, E_0x55a3305ce930/243, E_0x55a3305ce930/244, E_0x55a3305ce930/245, E_0x55a3305ce930/246, E_0x55a3305ce930/247, E_0x55a3305ce930/248, E_0x55a3305ce930/249, E_0x55a3305ce930/250, E_0x55a3305ce930/251, E_0x55a3305ce930/252, E_0x55a3305ce930/253, E_0x55a3305ce930/254, E_0x55a3305ce930/255, E_0x55a3305ce930/256;
    .scope S_0x55a330599120;
T_0 ;
    %pushi/vec4 19462, 0, 16;
    %ix/load 4, 0, 0;
    %flag_set/imm 4, 0;
    %store/vec4a v0x55a330600530, 4, 0;
    %pushi/vec4 17414, 0, 16;
    %ix/load 4, 1, 0;
    %flag_set/imm 4, 0;
    %store/vec4a v0x55a330600530, 4, 0;
    %pushi/vec4 131, 0, 16;
    %ix/load 4, 2, 0;
    %flag_set/imm 4, 0;
    %store/vec4a v0x55a330600530, 4, 0;
    %pushi/vec4 34302, 0, 16;
    %ix/load 4, 3, 0;
    %flag_set/imm 4, 0;
    %store/vec4a v0x55a330600530, 4, 0;
    %pushi/vec4 28802, 0, 16;
    %ix/load 4, 4, 0;
    %flag_set/imm 4, 0;
    %store/vec4a v0x55a330600530, 4, 0;
    %pushi/vec4 25985, 0, 16;
    %ix/load 4, 5, 0;
    %flag_set/imm 4, 0;
    %store/vec4a v0x55a330600530, 4, 0;
    %pushi/vec4 13697, 0, 16;
    %ix/load 4, 6, 0;
    %flag_set/imm 4, 0;
    %store/vec4a v0x55a330600530, 4, 0;
    %end;
    .thread T_0;
    .scope S_0x55a330599120;
T_1 ;
    %wait E_0x55a3305ce930;
    %load/vec4 v0x55a3305992a0_0;
    %pad/u 12;
    %ix/vec4 4;
    %load/vec4a v0x55a330600530, 4;
    %store/vec4 v0x55a330600450_0, 0, 16;
    %jmp T_1;
    .thread T_1, $push;
# The file index is used to find the file name in the following table.
:file_names 3;
    "N/A";
    "<interactive>";
    "/home/esra/Documents/HDL/16-bit-processor/src/instruction_memory.v";
